[2025-03-20T16:19:18.336+0000][6][gc] Using G1
[2025-03-20T16:19:18.433+0000][6][gc,init] Version: 16.0.2+7 (release)
[2025-03-20T16:19:18.433+0000][6][gc,init] CPUs: 8 total, 8 available
[2025-03-20T16:19:18.433+0000][6][gc,init] Memory: 7901M
[2025-03-20T16:19:18.433+0000][6][gc,init] Large Page Support: Disabled
[2025-03-20T16:19:18.433+0000][6][gc,init] NUMA Support: Disabled
[2025-03-20T16:19:18.433+0000][6][gc,init] Compressed Oops: Enabled (32-bit)
[2025-03-20T16:19:18.433+0000][6][gc,init] Heap Region Size: 4M
[2025-03-20T16:19:18.433+0000][6][gc,init] Heap Min Capacity: 512M
[2025-03-20T16:19:18.433+0000][6][gc,init] Heap Initial Capacity: 512M
[2025-03-20T16:19:18.433+0000][6][gc,init] Heap Max Capacity: 512M
[2025-03-20T16:19:18.433+0000][6][gc,init] Pre-touch: Enabled
[2025-03-20T16:19:18.433+0000][6][gc,init] Parallel Workers: 8
[2025-03-20T16:19:18.433+0000][6][gc,init] Concurrent Workers: 2
[2025-03-20T16:19:18.433+0000][6][gc,init] Concurrent Refinement Workers: 8
[2025-03-20T16:19:18.433+0000][6][gc,init] Periodic GC: Disabled
[2025-03-20T16:19:18.434+0000][6][gc,metaspace] CDS archive(s) mapped at: [0x0000000800000000-0x0000000800beb000-0x0000000800beb000), size 12496896, SharedBaseAddress: 0x0000000800000000, ArchiveRelocationMode: 0.
[2025-03-20T16:19:18.434+0000][6][gc,metaspace] Compressed class space mapped at: 0x0000000800c00000-0x0000000840c00000, reserved size: 1073741824
[2025-03-20T16:19:18.434+0000][6][gc,metaspace] Narrow klass base: 0x0000000800000000, Narrow klass shift: 3, Narrow klass range: 0x100000000
[2025-03-20T16:19:18.741+0000][6][safepoint   ] Safepoint "ICBufferFull", Time since last: 301296776 ns, Reaching safepoint: 234979 ns, At safepoint: 14859 ns, Total: 249838 ns
[2025-03-20T16:19:18.990+0000][6][gc,start    ] GC(0) Pause Young (Normal) (G1 Evacuation Pause)
[2025-03-20T16:19:18.990+0000][6][gc,task     ] GC(0) Using 8 workers of 8 for evacuation
[2025-03-20T16:19:18.990+0000][6][gc,age      ] GC(0) Desired survivor size 2097152 bytes, new threshold 15 (max threshold 15)
[2025-03-20T16:19:18.999+0000][6][gc,age      ] GC(0) Age table with threshold 15 (max threshold 15)
[2025-03-20T16:19:18.999+0000][6][gc,age      ] GC(0) - age   1:    4172632 bytes,    4172632 total
[2025-03-20T16:19:18.999+0000][6][gc,phases   ] GC(0)   Pre Evacuate Collection Set: 0.2ms
[2025-03-20T16:19:18.999+0000][6][gc,phases   ] GC(0)   Merge Heap Roots: 0.1ms
[2025-03-20T16:19:18.999+0000][6][gc,phases   ] GC(0)   Evacuate Collection Set: 3.9ms
[2025-03-20T16:19:18.999+0000][6][gc,phases   ] GC(0)   Post Evacuate Collection Set: 4.1ms
[2025-03-20T16:19:18.999+0000][6][gc,phases   ] GC(0)   Other: 0.2ms
[2025-03-20T16:19:18.999+0000][6][gc,heap     ] GC(0) Eden regions: 6->0(6)
[2025-03-20T16:19:18.999+0000][6][gc,heap     ] GC(0) Survivor regions: 0->1(1)
[2025-03-20T16:19:18.999+0000][6][gc,heap     ] GC(0) Old regions: 0->1
[2025-03-20T16:19:18.999+0000][6][gc,heap     ] GC(0) Archive regions: 2->2
[2025-03-20T16:19:18.999+0000][6][gc,heap     ] GC(0) Humongous regions: 0->0
[2025-03-20T16:19:18.999+0000][6][gc,metaspace] GC(0) Metaspace: 8231K(8384K)->8231K(8384K) NonClass: 7316K(7424K)->7316K(7424K) Class: 914K(960K)->914K(960K)
[2025-03-20T16:19:18.999+0000][6][gc          ] GC(0) Pause Young (Normal) (G1 Evacuation Pause) 27M->8M(512M) 8.536ms
[2025-03-20T16:19:18.999+0000][6][gc,cpu      ] GC(0) User=0.01s Sys=0.00s Real=0.01s
[2025-03-20T16:19:18.999+0000][6][safepoint   ] Safepoint "G1CollectForAllocation", Time since last: 244448533 ns, Reaching safepoint: 5064075 ns, At safepoint: 8652920 ns, Total: 13716995 ns
[2025-03-20T16:19:19.597+0000][6][gc,start    ] GC(1) Pause Young (Normal) (G1 Evacuation Pause)
[2025-03-20T16:19:19.597+0000][6][gc,task     ] GC(1) Using 8 workers of 8 for evacuation
[2025-03-20T16:19:19.597+0000][6][gc,age      ] GC(1) Desired survivor size 2097152 bytes, new threshold 1 (max threshold 15)
[2025-03-20T16:19:19.602+0000][6][gc,age      ] GC(1) Age table with threshold 1 (max threshold 15)
[2025-03-20T16:19:19.602+0000][6][gc,age      ] GC(1) - age   1:    2105496 bytes,    2105496 total
[2025-03-20T16:19:19.602+0000][6][gc,phases   ] GC(1)   Pre Evacuate Collection Set: 0.1ms
[2025-03-20T16:19:19.602+0000][6][gc,phases   ] GC(1)   Merge Heap Roots: 0.1ms
[2025-03-20T16:19:19.602+0000][6][gc,phases   ] GC(1)   Evacuate Collection Set: 2.9ms
[2025-03-20T16:19:19.602+0000][6][gc,phases   ] GC(1)   Post Evacuate Collection Set: 2.2ms
[2025-03-20T16:19:19.602+0000][6][gc,phases   ] GC(1)   Other: 0.1ms
[2025-03-20T16:19:19.602+0000][6][gc,heap     ] GC(1) Eden regions: 6->0(14)
[2025-03-20T16:19:19.602+0000][6][gc,heap     ] GC(1) Survivor regions: 1->1(1)
[2025-03-20T16:19:19.602+0000][6][gc,heap     ] GC(1) Old regions: 1->2
[2025-03-20T16:19:19.602+0000][6][gc,heap     ] GC(1) Archive regions: 2->2
[2025-03-20T16:19:19.602+0000][6][gc,heap     ] GC(1) Humongous regions: 0->0
[2025-03-20T16:19:19.602+0000][6][gc,metaspace] GC(1) Metaspace: 12565K(12800K)->12565K(12800K) NonClass: 11091K(11200K)->11091K(11200K) Class: 1474K(1600K)->1474K(1600K)
[2025-03-20T16:19:19.602+0000][6][gc          ] GC(1) Pause Young (Normal) (G1 Evacuation Pause) 32M->10M(512M) 5.628ms
[2025-03-20T16:19:19.602+0000][6][gc,cpu      ] GC(1) User=0.01s Sys=0.00s Real=0.01s
[2025-03-20T16:19:19.602+0000][6][safepoint   ] Safepoint "G1CollectForAllocation", Time since last: 597543124 ns, Reaching safepoint: 198228 ns, At safepoint: 5712858 ns, Total: 5911086 ns
[2025-03-20T16:19:20.045+0000][6][gc,start    ] GC(2) Pause Young (Normal) (G1 Evacuation Pause)
[2025-03-20T16:19:20.045+0000][6][gc,task     ] GC(2) Using 8 workers of 8 for evacuation
[2025-03-20T16:19:20.045+0000][6][gc,age      ] GC(2) Desired survivor size 4194304 bytes, new threshold 15 (max threshold 15)
[2025-03-20T16:19:20.048+0000][6][gc,age      ] GC(2) Age table with threshold 15 (max threshold 15)
[2025-03-20T16:19:20.048+0000][6][gc,age      ] GC(2) - age   1:    1241976 bytes,    1241976 total
[2025-03-20T16:19:20.048+0000][6][gc,age      ] GC(2) - age   2:    2064416 bytes,    3306392 total
[2025-03-20T16:19:20.048+0000][6][gc,phases   ] GC(2)   Pre Evacuate Collection Set: 0.1ms
[2025-03-20T16:19:20.048+0000][6][gc,phases   ] GC(2)   Merge Heap Roots: 0.1ms
[2025-03-20T16:19:20.048+0000][6][gc,phases   ] GC(2)   Evacuate Collection Set: 2.2ms
[2025-03-20T16:19:20.048+0000][6][gc,phases   ] GC(2)   Post Evacuate Collection Set: 0.9ms
[2025-03-20T16:19:20.048+0000][6][gc,phases   ] GC(2)   Other: 0.1ms
[2025-03-20T16:19:20.048+0000][6][gc,heap     ] GC(2) Eden regions: 14->0(67)
[2025-03-20T16:19:20.048+0000][6][gc,heap     ] GC(2) Survivor regions: 1->1(2)
[2025-03-20T16:19:20.048+0000][6][gc,heap     ] GC(2) Old regions: 2->2
[2025-03-20T16:19:20.048+0000][6][gc,heap     ] GC(2) Archive regions: 2->2
[2025-03-20T16:19:20.048+0000][6][gc,heap     ] GC(2) Humongous regions: 0->0
[2025-03-20T16:19:20.048+0000][6][gc,metaspace] GC(2) Metaspace: 14650K(14912K)->14650K(14912K) NonClass: 12984K(13120K)->12984K(13120K) Class: 1665K(1792K)->1665K(1792K)
[2025-03-20T16:19:20.048+0000][6][gc          ] GC(2) Pause Young (Normal) (G1 Evacuation Pause) 66M->11M(512M) 3.478ms
[2025-03-20T16:19:20.048+0000][6][gc,cpu      ] GC(2) User=0.01s Sys=0.00s Real=0.01s
[2025-03-20T16:19:20.048+0000][6][safepoint   ] Safepoint "G1CollectForAllocation", Time since last: 442002485 ns, Reaching safepoint: 169262 ns, At safepoint: 3559240 ns, Total: 3728502 ns
[2025-03-20T16:19:20.128+0000][6][safepoint   ] Safepoint "ICBufferFull", Time since last: 79641471 ns, Reaching safepoint: 141209 ns, At safepoint: 4218 ns, Total: 145427 ns
[2025-03-20T16:19:20.131+0000][6][safepoint   ] Safepoint "ICBufferFull", Time since last: 3238419 ns, Reaching safepoint: 73900 ns, At safepoint: 3337 ns, Total: 77237 ns
[2025-03-20T16:19:20.134+0000][6][safepoint   ] Safepoint "ICBufferFull", Time since last: 2355275 ns, Reaching safepoint: 68641 ns, At safepoint: 1964 ns, Total: 70605 ns
[2025-03-20T16:19:20.137+0000][6][safepoint   ] Safepoint "ICBufferFull", Time since last: 3115865 ns, Reaching safepoint: 74542 ns, At safepoint: 2565 ns, Total: 77107 ns
[2025-03-20T16:19:20.140+0000][6][safepoint   ] Safepoint "ICBufferFull", Time since last: 2825301 ns, Reaching safepoint: 102144 ns, At safepoint: 3497 ns, Total: 105641 ns
[2025-03-20T16:19:20.142+0000][6][safepoint   ] Safepoint "ICBufferFull", Time since last: 2028243 ns, Reaching safepoint: 71466 ns, At safepoint: 2485 ns, Total: 73951 ns
[2025-03-20T16:19:20.144+0000][6][safepoint   ] Safepoint "ICBufferFull", Time since last: 1942669 ns, Reaching safepoint: 71737 ns, At safepoint: 2535 ns, Total: 74272 ns
[2025-03-20T16:19:20.146+0000][6][safepoint   ] Safepoint "ICBufferFull", Time since last: 1735146 ns, Reaching safepoint: 73941 ns, At safepoint: 2495 ns, Total: 76436 ns
[2025-03-20T16:19:20.148+0000][6][safepoint   ] Safepoint "ICBufferFull", Time since last: 2108086 ns, Reaching safepoint: 61146 ns, At safepoint: 3126 ns, Total: 64272 ns
[2025-03-20T16:19:20.150+0000][6][safepoint   ] Safepoint "ICBufferFull", Time since last: 2096834 ns, Reaching safepoint: 97275 ns, At safepoint: 2585 ns, Total: 99860 ns
[2025-03-20T16:19:20.153+0000][6][safepoint   ] Safepoint "ICBufferFull", Time since last: 2378979 ns, Reaching safepoint: 55515 ns, At safepoint: 2435 ns, Total: 57950 ns
[2025-03-20T16:19:20.156+0000][6][safepoint   ] Safepoint "ICBufferFull", Time since last: 2494761 ns, Reaching safepoint: 793202 ns, At safepoint: 15730 ns, Total: 808932 ns
[2025-03-20T16:19:20.158+0000][6][safepoint   ] Safepoint "ICBufferFull", Time since last: 1879991 ns, Reaching safepoint: 96484 ns, At safepoint: 9388 ns, Total: 105872 ns
[2025-03-20T16:19:20.162+0000][6][safepoint   ] Safepoint "ICBufferFull", Time since last: 3631184 ns, Reaching safepoint: 103618 ns, At safepoint: 2364 ns, Total: 105982 ns
[2025-03-20T16:19:20.164+0000][6][safepoint   ] Safepoint "ICBufferFull", Time since last: 2316793 ns, Reaching safepoint: 106102 ns, At safepoint: 2104 ns, Total: 108206 ns
[2025-03-20T16:19:20.167+0000][6][safepoint   ] Safepoint "ICBufferFull", Time since last: 2377627 ns, Reaching safepoint: 110040 ns, At safepoint: 20258 ns, Total: 130298 ns
[2025-03-20T16:19:20.169+0000][6][safepoint   ] Safepoint "ICBufferFull", Time since last: 2670890 ns, Reaching safepoint: 108296 ns, At safepoint: 2696 ns, Total: 110992 ns
[2025-03-20T16:19:20.173+0000][6][safepoint   ] Safepoint "ICBufferFull", Time since last: 3593747 ns, Reaching safepoint: 195763 ns, At safepoint: 19678 ns, Total: 215441 ns
[2025-03-20T16:19:20.177+0000][6][safepoint   ] Safepoint "ICBufferFull", Time since last: 3941497 ns, Reaching safepoint: 106603 ns, At safepoint: 3516 ns, Total: 110119 ns
[2025-03-20T16:19:20.180+0000][6][safepoint   ] Safepoint "ICBufferFull", Time since last: 2605002 ns, Reaching safepoint: 114818 ns, At safepoint: 2746 ns, Total: 117564 ns
[2025-03-20T16:19:20.181+0000][6][safepoint   ] Safepoint "ICBufferFull", Time since last: 1153156 ns, Reaching safepoint: 99770 ns, At safepoint: 2504 ns, Total: 102274 ns
[2025-03-20T16:19:20.182+0000][6][safepoint   ] Safepoint "ICBufferFull", Time since last: 703510 ns, Reaching safepoint: 87297 ns, At safepoint: 2354 ns, Total: 89651 ns
[2025-03-20T16:19:20.184+0000][6][safepoint   ] Safepoint "ICBufferFull", Time since last: 1093974 ns, Reaching safepoint: 518016 ns, At safepoint: 15460 ns, Total: 533476 ns
[2025-03-20T16:19:20.184+0000][6][safepoint   ] Safepoint "ICBufferFull", Time since last: 529839 ns, Reaching safepoint: 108527 ns, At safepoint: 2645 ns, Total: 111172 ns
[2025-03-20T16:19:20.185+0000][6][safepoint   ] Safepoint "ICBufferFull", Time since last: 651891 ns, Reaching safepoint: 124999 ns, At safepoint: 20318 ns, Total: 145317 ns
[2025-03-20T16:19:20.186+0000][6][safepoint   ] Safepoint "ICBufferFull", Time since last: 554847 ns, Reaching safepoint: 102876 ns, At safepoint: 2314 ns, Total: 105190 ns
[2025-03-20T16:19:20.186+0000][6][safepoint   ] Safepoint "ICBufferFull", Time since last: 615272 ns, Reaching safepoint: 90663 ns, At safepoint: 2455 ns, Total: 93118 ns
[2025-03-20T16:19:20.187+0000][6][safepoint   ] Safepoint "ICBufferFull", Time since last: 477720 ns, Reaching safepoint: 141068 ns, At safepoint: 2806 ns, Total: 143874 ns
[2025-03-20T16:19:20.188+0000][6][safepoint   ] Safepoint "ICBufferFull", Time since last: 545428 ns, Reaching safepoint: 99680 ns, At safepoint: 15901 ns, Total: 115581 ns
[2025-03-20T16:19:20.189+0000][6][safepoint   ] Safepoint "ICBufferFull", Time since last: 860386 ns, Reaching safepoint: 207644 ns, At safepoint: 3126 ns, Total: 210770 ns
[2025-03-20T16:19:20.190+0000][6][safepoint   ] Safepoint "ICBufferFull", Time since last: 739178 ns, Reaching safepoint: 114889 ns, At safepoint: 2154 ns, Total: 117043 ns
[2025-03-20T16:19:20.191+0000][6][safepoint   ] Safepoint "ICBufferFull", Time since last: 914591 ns, Reaching safepoint: 83329 ns, At safepoint: 1753 ns, Total: 85082 ns
[2025-03-20T16:19:20.191+0000][6][safepoint   ] Safepoint "ICBufferFull", Time since last: 503549 ns, Reaching safepoint: 88649 ns, At safepoint: 2214 ns, Total: 90863 ns
[2025-03-20T16:19:20.192+0000][6][safepoint   ] Safepoint "ICBufferFull", Time since last: 716785 ns, Reaching safepoint: 95602 ns, At safepoint: 1824 ns, Total: 97426 ns
[2025-03-20T16:19:20.193+0000][6][safepoint   ] Safepoint "ICBufferFull", Time since last: 603900 ns, Reaching safepoint: 75153 ns, At safepoint: 1634 ns, Total: 76787 ns
[2025-03-20T16:19:20.193+0000][6][safepoint   ] Safepoint "ICBufferFull", Time since last: 613538 ns, Reaching safepoint: 91154 ns, At safepoint: 1763 ns, Total: 92917 ns
[2025-03-20T16:19:20.194+0000][6][safepoint   ] Safepoint "ICBufferFull", Time since last: 650780 ns, Reaching safepoint: 116161 ns, At safepoint: 2204 ns, Total: 118365 ns
[2025-03-20T16:19:20.201+0000][6][safepoint   ] Safepoint "ICBufferFull", Time since last: 6242023 ns, Reaching safepoint: 135628 ns, At safepoint: 13856 ns, Total: 149484 ns
[2025-03-20T16:19:20.421+0000][6][safepoint   ] Safepoint "ICBufferFull", Time since last: 220311008 ns, Reaching safepoint: 421523 ns, At safepoint: 3908 ns, Total: 425431 ns
[2025-03-20T16:19:20.560+0000][6][gc,start    ] GC(3) Pause Young (Normal) (G1 Evacuation Pause)
[2025-03-20T16:19:20.560+0000][6][gc,task     ] GC(3) Using 8 workers of 8 for evacuation
[2025-03-20T16:19:20.560+0000][6][gc,age      ] GC(3) Desired survivor size 18874368 bytes, new threshold 15 (max threshold 15)
[2025-03-20T16:19:20.565+0000][6][gc,age      ] GC(3) Age table with threshold 15 (max threshold 15)
[2025-03-20T16:19:20.565+0000][6][gc,age      ] GC(3) - age   1:    6406424 bytes,    6406424 total
[2025-03-20T16:19:20.565+0000][6][gc,age      ] GC(3) - age   2:    1222880 bytes,    7629304 total
[2025-03-20T16:19:20.565+0000][6][gc,age      ] GC(3) - age   3:    2050024 bytes,    9679328 total
[2025-03-20T16:19:20.565+0000][6][gc,phases   ] GC(3)   Pre Evacuate Collection Set: 0.1ms
[2025-03-20T16:19:20.565+0000][6][gc,phases   ] GC(3)   Merge Heap Roots: 0.1ms
[2025-03-20T16:19:20.565+0000][6][gc,phases   ] GC(3)   Evacuate Collection Set: 3.6ms
[2025-03-20T16:19:20.565+0000][6][gc,phases   ] GC(3)   Post Evacuate Collection Set: 0.8ms
[2025-03-20T16:19:20.565+0000][6][gc,phases   ] GC(3)   Other: 0.2ms
[2025-03-20T16:19:20.565+0000][6][gc,heap     ] GC(3) Eden regions: 67->0(73)
[2025-03-20T16:19:20.565+0000][6][gc,heap     ] GC(3) Survivor regions: 1->3(9)
[2025-03-20T16:19:20.565+0000][6][gc,heap     ] GC(3) Old regions: 2->2
[2025-03-20T16:19:20.565+0000][6][gc,heap     ] GC(3) Archive regions: 2->2
[2025-03-20T16:19:20.565+0000][6][gc,heap     ] GC(3) Humongous regions: 0->0
[2025-03-20T16:19:20.565+0000][6][gc,metaspace] GC(3) Metaspace: 18434K(18752K)->18434K(18752K) NonClass: 16221K(16384K)->16221K(16384K) Class: 2213K(2368K)->2213K(2368K)
[2025-03-20T16:19:20.565+0000][6][gc          ] GC(3) Pause Young (Normal) (G1 Evacuation Pause) 279M->17M(512M) 4.817ms
[2025-03-20T16:19:20.565+0000][6][gc,cpu      ] GC(3) User=0.03s Sys=0.00s Real=0.00s
[2025-03-20T16:19:20.565+0000][6][safepoint   ] Safepoint "G1CollectForAllocation", Time since last: 138882525 ns, Reaching safepoint: 118826 ns, At safepoint: 4917656 ns, Total: 5036482 ns
[2025-03-20T16:19:20.933+0000][6][gc,start    ] GC(4) Pause Young (Normal) (G1 Evacuation Pause)
[2025-03-20T16:19:20.933+0000][6][gc,task     ] GC(4) Using 8 workers of 8 for evacuation
[2025-03-20T16:19:20.933+0000][6][gc,age      ] GC(4) Desired survivor size 20971520 bytes, new threshold 15 (max threshold 15)
[2025-03-20T16:19:20.945+0000][6][gc,age      ] GC(4) Age table with threshold 15 (max threshold 15)
[2025-03-20T16:19:20.945+0000][6][gc,age      ] GC(4) - age   1:    2500320 bytes,    2500320 total
[2025-03-20T16:19:20.945+0000][6][gc,age      ] GC(4) - age   2:    4619248 bytes,    7119568 total
[2025-03-20T16:19:20.945+0000][6][gc,age      ] GC(4) - age   3:    1222880 bytes,    8342448 total
[2025-03-20T16:19:20.945+0000][6][gc,age      ] GC(4) - age   4:    2050024 bytes,   10392472 total
[2025-03-20T16:19:20.945+0000][6][gc,phases   ] GC(4)   Pre Evacuate Collection Set: 1.5ms
[2025-03-20T16:19:20.945+0000][6][gc,phases   ] GC(4)   Merge Heap Roots: 0.1ms
[2025-03-20T16:19:20.945+0000][6][gc,phases   ] GC(4)   Evacuate Collection Set: 5.0ms
[2025-03-20T16:19:20.945+0000][6][gc,phases   ] GC(4)   Post Evacuate Collection Set: 5.0ms
[2025-03-20T16:19:20.945+0000][6][gc,phases   ] GC(4)   Other: 0.2ms
[2025-03-20T16:19:20.945+0000][6][gc,heap     ] GC(4) Eden regions: 73->0(73)
[2025-03-20T16:19:20.945+0000][6][gc,heap     ] GC(4) Survivor regions: 3->3(10)
[2025-03-20T16:19:20.945+0000][6][gc,heap     ] GC(4) Old regions: 2->2
[2025-03-20T16:19:20.945+0000][6][gc,heap     ] GC(4) Archive regions: 2->2
[2025-03-20T16:19:20.945+0000][6][gc,heap     ] GC(4) Humongous regions: 0->0
[2025-03-20T16:19:20.945+0000][6][gc,metaspace] GC(4) Metaspace: 19158K(19520K)->19158K(19520K) NonClass: 16836K(17088K)->16836K(17088K) Class: 2322K(2432K)->2322K(2432K)
[2025-03-20T16:19:20.945+0000][6][gc          ] GC(4) Pause Young (Normal) (G1 Evacuation Pause) 309M->18M(512M) 11.880ms
[2025-03-20T16:19:20.945+0000][6][gc,cpu      ] GC(4) User=0.03s Sys=0.00s Real=0.01s
[2025-03-20T16:19:20.945+0000][6][safepoint   ] Safepoint "G1CollectForAllocation", Time since last: 367892935 ns, Reaching safepoint: 147291 ns, At safepoint: 11979906 ns, Total: 12127197 ns
[2025-03-20T16:19:21.230+0000][6][gc,start    ] GC(5) Pause Young (Normal) (G1 Evacuation Pause)
[2025-03-20T16:19:21.231+0000][6][gc,task     ] GC(5) Using 8 workers of 8 for evacuation
[2025-03-20T16:19:21.231+0000][6][gc,age      ] GC(5) Desired survivor size 20971520 bytes, new threshold 15 (max threshold 15)
[2025-03-20T16:19:21.235+0000][6][gc,age      ] GC(5) Age table with threshold 15 (max threshold 15)
[2025-03-20T16:19:21.235+0000][6][gc,age      ] GC(5) - age   1:    2815648 bytes,    2815648 total
[2025-03-20T16:19:21.235+0000][6][gc,age      ] GC(5) - age   2:    2478392 bytes,    5294040 total
[2025-03-20T16:19:21.235+0000][6][gc,age      ] GC(5) - age   3:    4619232 bytes,    9913272 total
[2025-03-20T16:19:21.235+0000][6][gc,age      ] GC(5) - age   4:    1215456 bytes,   11128728 total
[2025-03-20T16:19:21.235+0000][6][gc,age      ] GC(5) - age   5:    2050024 bytes,   13178752 total
[2025-03-20T16:19:21.235+0000][6][gc,phases   ] GC(5)   Pre Evacuate Collection Set: 0.1ms
[2025-03-20T16:19:21.235+0000][6][gc,phases   ] GC(5)   Merge Heap Roots: 0.6ms
[2025-03-20T16:19:21.235+0000][6][gc,phases   ] GC(5)   Evacuate Collection Set: 3.1ms
[2025-03-20T16:19:21.235+0000][6][gc,phases   ] GC(5)   Post Evacuate Collection Set: 0.7ms
[2025-03-20T16:19:21.235+0000][6][gc,phases   ] GC(5)   Other: 0.2ms
[2025-03-20T16:19:21.235+0000][6][gc,heap     ] GC(5) Eden regions: 73->0(72)
[2025-03-20T16:19:21.235+0000][6][gc,heap     ] GC(5) Survivor regions: 3->4(10)
[2025-03-20T16:19:21.235+0000][6][gc,heap     ] GC(5) Old regions: 2->2
[2025-03-20T16:19:21.235+0000][6][gc,heap     ] GC(5) Archive regions: 2->2
[2025-03-20T16:19:21.235+0000][6][gc,heap     ] GC(5) Humongous regions: 0->0
[2025-03-20T16:19:21.235+0000][6][gc,metaspace] GC(5) Metaspace: 19778K(20160K)->19778K(20160K) NonClass: 17378K(17600K)->17378K(17600K) Class: 2399K(2560K)->2399K(2560K)
[2025-03-20T16:19:21.235+0000][6][gc          ] GC(5) Pause Young (Normal) (G1 Evacuation Pause) 310M->21M(512M) 4.648ms
[2025-03-20T16:19:21.235+0000][6][gc,cpu      ] GC(5) User=0.01s Sys=0.00s Real=0.00s
[2025-03-20T16:19:21.235+0000][6][safepoint   ] Safepoint "G1CollectForAllocation", Time since last: 285118384 ns, Reaching safepoint: 105781 ns, At safepoint: 4736273 ns, Total: 4842054 ns
[2025-03-20T16:19:21.465+0000][6][gc,start    ] GC(6) Pause Young (Normal) (G1 Evacuation Pause)
[2025-03-20T16:19:21.465+0000][6][gc,task     ] GC(6) Using 8 workers of 8 for evacuation
[2025-03-20T16:19:21.465+0000][6][gc,age      ] GC(6) Desired survivor size 20971520 bytes, new threshold 15 (max threshold 15)
[2025-03-20T16:19:21.470+0000][6][gc,age      ] GC(6) Age table with threshold 15 (max threshold 15)
[2025-03-20T16:19:21.470+0000][6][gc,age      ] GC(6) - age   1:     909816 bytes,     909816 total
[2025-03-20T16:19:21.470+0000][6][gc,age      ] GC(6) - age   2:    1235096 bytes,    2144912 total
[2025-03-20T16:19:21.470+0000][6][gc,age      ] GC(6) - age   3:    2477720 bytes,    4622632 total
[2025-03-20T16:19:21.470+0000][6][gc,age      ] GC(6) - age   4:    4618880 bytes,    9241512 total
[2025-03-20T16:19:21.470+0000][6][gc,age      ] GC(6) - age   5:    1215312 bytes,   10456824 total
[2025-03-20T16:19:21.470+0000][6][gc,age      ] GC(6) - age   6:    2050024 bytes,   12506848 total
[2025-03-20T16:19:21.470+0000][6][gc,phases   ] GC(6)   Pre Evacuate Collection Set: 0.1ms
[2025-03-20T16:19:21.470+0000][6][gc,phases   ] GC(6)   Merge Heap Roots: 0.0ms
[2025-03-20T16:19:21.470+0000][6][gc,phases   ] GC(6)   Evacuate Collection Set: 3.8ms
[2025-03-20T16:19:21.470+0000][6][gc,phases   ] GC(6)   Post Evacuate Collection Set: 1.3ms
[2025-03-20T16:19:21.470+0000][6][gc,phases   ] GC(6)   Other: 0.2ms
[2025-03-20T16:19:21.470+0000][6][gc,heap     ] GC(6) Eden regions: 72->0(72)
[2025-03-20T16:19:21.470+0000][6][gc,heap     ] GC(6) Survivor regions: 4->4(10)
[2025-03-20T16:19:21.470+0000][6][gc,heap     ] GC(6) Old regions: 2->2
[2025-03-20T16:19:21.470+0000][6][gc,heap     ] GC(6) Archive regions: 2->2
[2025-03-20T16:19:21.470+0000][6][gc,heap     ] GC(6) Humongous regions: 0->0
[2025-03-20T16:19:21.470+0000][6][gc,metaspace] GC(6) Metaspace: 20090K(20544K)->20090K(20544K) NonClass: 17634K(17920K)->17634K(17920K) Class: 2456K(2624K)->2456K(2624K)
[2025-03-20T16:19:21.470+0000][6][gc          ] GC(6) Pause Young (Normal) (G1 Evacuation Pause) 309M->20M(512M) 5.430ms
[2025-03-20T16:19:21.470+0000][6][gc,cpu      ] GC(6) User=0.01s Sys=0.00s Real=0.01s
[2025-03-20T16:19:21.470+0000][6][safepoint   ] Safepoint "G1CollectForAllocation", Time since last: 229708848 ns, Reaching safepoint: 106563 ns, At safepoint: 5475297 ns, Total: 5581860 ns
[2025-03-20T16:19:21.628+0000][6][gc,start    ] GC(7) Pause Young (Concurrent Start) (Metadata GC Threshold)
[2025-03-20T16:19:21.628+0000][6][gc,task     ] GC(7) Using 8 workers of 8 for evacuation
[2025-03-20T16:19:21.628+0000][6][gc,age      ] GC(7) Desired survivor size 20971520 bytes, new threshold 15 (max threshold 15)
[2025-03-20T16:19:21.635+0000][6][gc,age      ] GC(7) Age table with threshold 15 (max threshold 15)
[2025-03-20T16:19:21.635+0000][6][gc,age      ] GC(7) - age   1:    1605072 bytes,    1605072 total
[2025-03-20T16:19:21.635+0000][6][gc,age      ] GC(7) - age   2:     480136 bytes,    2085208 total
[2025-03-20T16:19:21.635+0000][6][gc,age      ] GC(7) - age   3:    1235096 bytes,    3320304 total
[2025-03-20T16:19:21.635+0000][6][gc,age      ] GC(7) - age   4:    2476584 bytes,    5796888 total
[2025-03-20T16:19:21.635+0000][6][gc,age      ] GC(7) - age   5:    4618832 bytes,   10415720 total
[2025-03-20T16:19:21.635+0000][6][gc,age      ] GC(7) - age   6:    1215008 bytes,   11630728 total
[2025-03-20T16:19:21.635+0000][6][gc,age      ] GC(7) - age   7:    2049416 bytes,   13680144 total
[2025-03-20T16:19:21.635+0000][6][gc,phases   ] GC(7)   Pre Evacuate Collection Set: 0.1ms
[2025-03-20T16:19:21.635+0000][6][gc,phases   ] GC(7)   Merge Heap Roots: 0.1ms
[2025-03-20T16:19:21.635+0000][6][gc,phases   ] GC(7)   Evacuate Collection Set: 5.7ms
[2025-03-20T16:19:21.635+0000][6][gc,phases   ] GC(7)   Post Evacuate Collection Set: 0.7ms
[2025-03-20T16:19:21.635+0000][6][gc,phases   ] GC(7)   Other: 0.3ms
[2025-03-20T16:19:21.635+0000][6][gc,heap     ] GC(7) Eden regions: 34->0(72)
[2025-03-20T16:19:21.635+0000][6][gc,heap     ] GC(7) Survivor regions: 4->4(10)
[2025-03-20T16:19:21.635+0000][6][gc,heap     ] GC(7) Old regions: 2->2
[2025-03-20T16:19:21.635+0000][6][gc,heap     ] GC(7) Archive regions: 2->2
[2025-03-20T16:19:21.635+0000][6][gc,heap     ] GC(7) Humongous regions: 0->0
[2025-03-20T16:19:21.635+0000][6][gc,metaspace] GC(7) Metaspace: 20857K(21248K)->20857K(21248K) NonClass: 18297K(18560K)->18297K(18560K) Class: 2559K(2688K)->2559K(2688K)
[2025-03-20T16:19:21.635+0000][6][gc          ] GC(7) Pause Young (Concurrent Start) (Metadata GC Threshold) 154M->22M(512M) 6.908ms
[2025-03-20T16:19:21.635+0000][6][gc,cpu      ] GC(7) User=0.01s Sys=0.00s Real=0.00s
[2025-03-20T16:19:21.635+0000][6][safepoint   ] Safepoint "CollectForMetadataAllocation", Time since last: 157814202 ns, Reaching safepoint: 99981 ns, At safepoint: 7037141 ns, Total: 7137122 ns
[2025-03-20T16:19:21.635+0000][6][gc          ] GC(8) Concurrent Mark Cycle
[2025-03-20T16:19:21.635+0000][6][gc,marking  ] GC(8) Concurrent Clear Claimed Marks
[2025-03-20T16:19:21.636+0000][6][gc,marking  ] GC(8) Concurrent Clear Claimed Marks 0.030ms
[2025-03-20T16:19:21.636+0000][6][gc,marking  ] GC(8) Concurrent Scan Root Regions
[2025-03-20T16:19:21.639+0000][6][gc,marking  ] GC(8) Concurrent Scan Root Regions 3.453ms
[2025-03-20T16:19:21.639+0000][6][gc,marking  ] GC(8) Concurrent Mark
[2025-03-20T16:19:21.639+0000][6][gc,marking  ] GC(8) Concurrent Mark From Roots
[2025-03-20T16:19:21.639+0000][6][gc,task     ] GC(8) Using 2 workers of 2 for marking
[2025-03-20T16:19:21.642+0000][6][gc,marking  ] GC(8) Concurrent Mark From Roots 3.022ms
[2025-03-20T16:19:21.642+0000][6][gc,marking  ] GC(8) Concurrent Preclean
[2025-03-20T16:19:21.642+0000][6][gc,marking  ] GC(8) Concurrent Preclean 0.107ms
[2025-03-20T16:19:21.642+0000][6][gc,start    ] GC(8) Pause Remark
[2025-03-20T16:19:21.645+0000][6][gc          ] GC(8) Pause Remark 24M->24M(512M) 2.828ms
[2025-03-20T16:19:21.645+0000][6][gc,cpu      ] GC(8) User=0.00s Sys=0.00s Real=0.00s
[2025-03-20T16:19:21.645+0000][6][safepoint   ] Safepoint "G1Concurrent", Time since last: 6809795 ns, Reaching safepoint: 185112 ns, At safepoint: 2890901 ns, Total: 3076013 ns
[2025-03-20T16:19:21.645+0000][6][gc,marking  ] GC(8) Concurrent Mark 6.323ms
[2025-03-20T16:19:21.645+0000][6][gc,marking  ] GC(8) Concurrent Rebuild Remembered Sets
[2025-03-20T16:19:21.647+0000][6][gc,marking  ] GC(8) Concurrent Rebuild Remembered Sets 1.468ms
[2025-03-20T16:19:21.648+0000][6][gc,start    ] GC(8) Pause Cleanup
[2025-03-20T16:19:21.649+0000][6][gc          ] GC(8) Pause Cleanup 24M->24M(512M) 0.213ms
[2025-03-20T16:19:21.649+0000][6][gc,cpu      ] GC(8) User=0.00s Sys=0.00s Real=0.00s
[2025-03-20T16:19:21.649+0000][6][safepoint   ] Safepoint "G1Concurrent", Time since last: 1515707 ns, Reaching safepoint: 1591462 ns, At safepoint: 284852 ns, Total: 1876314 ns
[2025-03-20T16:19:21.649+0000][6][gc,marking  ] GC(8) Concurrent Cleanup for Next Mark
[2025-03-20T16:19:21.650+0000][6][gc,marking  ] GC(8) Concurrent Cleanup for Next Mark 0.804ms
[2025-03-20T16:19:21.650+0000][6][gc          ] GC(8) Concurrent Mark Cycle 14.147ms
[2025-03-20T16:19:21.901+0000][6][gc,start    ] GC(9) Pause Young (Normal) (G1 Evacuation Pause)
[2025-03-20T16:19:21.901+0000][6][gc,task     ] GC(9) Using 8 workers of 8 for evacuation
[2025-03-20T16:19:21.902+0000][6][gc,age      ] GC(9) Desired survivor size 20971520 bytes, new threshold 15 (max threshold 15)
[2025-03-20T16:19:21.911+0000][6][gc,age      ] GC(9) Age table with threshold 15 (max threshold 15)
[2025-03-20T16:19:21.911+0000][6][gc,age      ] GC(9) - age   1:    2109624 bytes,    2109624 total
[2025-03-20T16:19:21.911+0000][6][gc,age      ] GC(9) - age   2:    1580856 bytes,    3690480 total
[2025-03-20T16:19:21.911+0000][6][gc,age      ] GC(9) - age   3:     478600 bytes,    4169080 total
[2025-03-20T16:19:21.911+0000][6][gc,age      ] GC(9) - age   4:    1234760 bytes,    5403840 total
[2025-03-20T16:19:21.911+0000][6][gc,age      ] GC(9) - age   5:    2476520 bytes,    7880360 total
[2025-03-20T16:19:21.911+0000][6][gc,age      ] GC(9) - age   6:    4618160 bytes,   12498520 total
[2025-03-20T16:19:21.911+0000][6][gc,age      ] GC(9) - age   7:    1214848 bytes,   13713368 total
[2025-03-20T16:19:21.911+0000][6][gc,age      ] GC(9) - age   8:    2047176 bytes,   15760544 total
[2025-03-20T16:19:21.911+0000][6][gc,phases   ] GC(9)   Pre Evacuate Collection Set: 0.8ms
[2025-03-20T16:19:21.911+0000][6][gc,phases   ] GC(9)   Merge Heap Roots: 0.6ms
[2025-03-20T16:19:21.911+0000][6][gc,phases   ] GC(9)   Evacuate Collection Set: 6.0ms
[2025-03-20T16:19:21.911+0000][6][gc,phases   ] GC(9)   Post Evacuate Collection Set: 1.5ms
[2025-03-20T16:19:21.911+0000][6][gc,phases   ] GC(9)   Other: 0.3ms
[2025-03-20T16:19:21.911+0000][6][gc,heap     ] GC(9) Eden regions: 72->0(72)
[2025-03-20T16:19:21.911+0000][6][gc,heap     ] GC(9) Survivor regions: 4->4(10)
[2025-03-20T16:19:21.911+0000][6][gc,heap     ] GC(9) Old regions: 2->2
[2025-03-20T16:19:21.911+0000][6][gc,heap     ] GC(9) Archive regions: 2->2
[2025-03-20T16:19:21.911+0000][6][gc,heap     ] GC(9) Humongous regions: 0->0
[2025-03-20T16:19:21.911+0000][6][gc,metaspace] GC(9) Metaspace: 21324K(21824K)->21324K(21824K) NonClass: 18709K(19072K)->18709K(19072K) Class: 2614K(2752K)->2614K(2752K)
[2025-03-20T16:19:21.911+0000][6][gc          ] GC(9) Pause Young (Normal) (G1 Evacuation Pause) 310M->23M(512M) 9.428ms
[2025-03-20T16:19:21.911+0000][6][gc,cpu      ] GC(9) User=0.02s Sys=0.00s Real=0.01s
[2025-03-20T16:19:21.911+0000][6][safepoint   ] Safepoint "G1CollectForAllocation", Time since last: 251911547 ns, Reaching safepoint: 787242 ns, At safepoint: 9510176 ns, Total: 10297418 ns
[2025-03-20T16:19:22.241+0000][6][gc,start    ] GC(10) Pause Young (Normal) (G1 Evacuation Pause)
[2025-03-20T16:19:22.241+0000][6][gc,task     ] GC(10) Using 8 workers of 8 for evacuation
[2025-03-20T16:19:22.241+0000][6][gc,age      ] GC(10) Desired survivor size 20971520 bytes, new threshold 15 (max threshold 15)
[2025-03-20T16:19:22.251+0000][6][gc,age      ] GC(10) Age table with threshold 15 (max threshold 15)
[2025-03-20T16:19:22.251+0000][6][gc,age      ] GC(10) - age   1:    1102312 bytes,    1102312 total
[2025-03-20T16:19:22.251+0000][6][gc,age      ] GC(10) - age   2:     893944 bytes,    1996256 total
[2025-03-20T16:19:22.251+0000][6][gc,age      ] GC(10) - age   3:    1577504 bytes,    3573760 total
[2025-03-20T16:19:22.251+0000][6][gc,age      ] GC(10) - age   4:     467480 bytes,    4041240 total
[2025-03-20T16:19:22.251+0000][6][gc,age      ] GC(10) - age   5:    1226264 bytes,    5267504 total
[2025-03-20T16:19:22.251+0000][6][gc,age      ] GC(10) - age   6:    2467728 bytes,    7735232 total
[2025-03-20T16:19:22.251+0000][6][gc,age      ] GC(10) - age   7:    4610928 bytes,   12346160 total
[2025-03-20T16:19:22.251+0000][6][gc,age      ] GC(10) - age   8:    1192488 bytes,   13538648 total
[2025-03-20T16:19:22.251+0000][6][gc,age      ] GC(10) - age   9:    2047016 bytes,   15585664 total
[2025-03-20T16:19:22.251+0000][6][gc,phases   ] GC(10)   Pre Evacuate Collection Set: 0.4ms
[2025-03-20T16:19:22.251+0000][6][gc,phases   ] GC(10)   Merge Heap Roots: 0.4ms
[2025-03-20T16:19:22.251+0000][6][gc,phases   ] GC(10)   Evacuate Collection Set: 7.6ms
[2025-03-20T16:19:22.251+0000][6][gc,phases   ] GC(10)   Post Evacuate Collection Set: 1.2ms
[2025-03-20T16:19:22.251+0000][6][gc,phases   ] GC(10)   Other: 0.2ms
[2025-03-20T16:19:22.251+0000][6][gc,heap     ] GC(10) Eden regions: 72->0(72)
[2025-03-20T16:19:22.251+0000][6][gc,heap     ] GC(10) Survivor regions: 4->4(10)
[2025-03-20T16:19:22.251+0000][6][gc,heap     ] GC(10) Old regions: 2->2
[2025-03-20T16:19:22.251+0000][6][gc,heap     ] GC(10) Archive regions: 2->2
[2025-03-20T16:19:22.251+0000][6][gc,heap     ] GC(10) Humongous regions: 0->0
[2025-03-20T16:19:22.251+0000][6][gc,metaspace] GC(10) Metaspace: 22210K(22784K)->22210K(22784K) NonClass: 19465K(19840K)->19465K(19840K) Class: 2744K(2944K)->2744K(2944K)
[2025-03-20T16:19:22.251+0000][6][gc          ] GC(10) Pause Young (Normal) (G1 Evacuation Pause) 311M->24M(512M) 9.886ms
[2025-03-20T16:19:22.251+0000][6][gc,cpu      ] GC(10) User=0.02s Sys=0.00s Real=0.01s
[2025-03-20T16:19:22.251+0000][6][safepoint   ] Safepoint "G1CollectForAllocation", Time since last: 329926261 ns, Reaching safepoint: 271410 ns, At safepoint: 10023537 ns, Total: 10294947 ns
[2025-03-20T16:19:22.858+0000][6][safepoint   ] Safepoint "ICBufferFull", Time since last: 606187691 ns, Reaching safepoint: 373752 ns, At safepoint: 20980 ns, Total: 394732 ns
[2025-03-20T16:19:23.994+0000][6][safepoint   ] Safepoint "Cleanup", Time since last: 1133927472 ns, Reaching safepoint: 2831923 ns, At safepoint: 22012 ns, Total: 2853935 ns
[2025-03-20T16:19:24.395+0000][6][gc,start    ] GC(11) Pause Young (Normal) (G1 Evacuation Pause)
[2025-03-20T16:19:24.395+0000][6][gc,task     ] GC(11) Using 8 workers of 8 for evacuation
[2025-03-20T16:19:24.395+0000][6][gc,age      ] GC(11) Desired survivor size 20971520 bytes, new threshold 15 (max threshold 15)
[2025-03-20T16:19:24.419+0000][6][gc,age      ] GC(11) Age table with threshold 15 (max threshold 15)
[2025-03-20T16:19:24.419+0000][6][gc,age      ] GC(11) - age   1:   26297832 bytes,   26297832 total
[2025-03-20T16:19:24.419+0000][6][gc,age      ] GC(11) - age   2:    1083568 bytes,   27381400 total
[2025-03-20T16:19:24.419+0000][6][gc,age      ] GC(11) - age   3:     889120 bytes,   28270520 total
[2025-03-20T16:19:24.419+0000][6][gc,age      ] GC(11) - age   4:    1561992 bytes,   29832512 total
[2025-03-20T16:19:24.419+0000][6][gc,age      ] GC(11) - age   5:     466288 bytes,   30298800 total
[2025-03-20T16:19:24.419+0000][6][gc,age      ] GC(11) - age   6:    1212488 bytes,   31511288 total
[2025-03-20T16:19:24.419+0000][6][gc,age      ] GC(11) - age   7:    2455656 bytes,   33966944 total
[2025-03-20T16:19:24.419+0000][6][gc,age      ] GC(11) - age   8:    4573664 bytes,   38540608 total
[2025-03-20T16:19:24.419+0000][6][gc,age      ] GC(11) - age   9:    1170624 bytes,   39711232 total
[2025-03-20T16:19:24.419+0000][6][gc,age      ] GC(11) - age  10:    2038784 bytes,   41750016 total
[2025-03-20T16:19:24.419+0000][6][gc,phases   ] GC(11)   Pre Evacuate Collection Set: 0.1ms
[2025-03-20T16:19:24.419+0000][6][gc,phases   ] GC(11)   Merge Heap Roots: 0.1ms
[2025-03-20T16:19:24.419+0000][6][gc,phases   ] GC(11)   Evacuate Collection Set: 21.7ms
[2025-03-20T16:19:24.419+0000][6][gc,phases   ] GC(11)   Post Evacuate Collection Set: 1.9ms
[2025-03-20T16:19:24.419+0000][6][gc,phases   ] GC(11)   Other: 0.5ms
[2025-03-20T16:19:24.419+0000][6][gc,heap     ] GC(11) Eden regions: 72->0(66)
[2025-03-20T16:19:24.419+0000][6][gc,heap     ] GC(11) Survivor regions: 4->10(10)
[2025-03-20T16:19:24.419+0000][6][gc,heap     ] GC(11) Old regions: 2->4
[2025-03-20T16:19:24.419+0000][6][gc,heap     ] GC(11) Archive regions: 2->2
[2025-03-20T16:19:24.419+0000][6][gc,heap     ] GC(11) Humongous regions: 0->0
[2025-03-20T16:19:24.419+0000][6][gc,metaspace] GC(11) Metaspace: 33790K(34688K)->33790K(34688K) NonClass: 29406K(29952K)->29406K(29952K) Class: 4383K(4736K)->4383K(4736K)
[2025-03-20T16:19:24.419+0000][6][gc          ] GC(11) Pause Young (Normal) (G1 Evacuation Pause) 312M->59M(512M) 24.451ms
[2025-03-20T16:19:24.419+0000][6][gc,cpu      ] GC(11) User=0.09s Sys=0.00s Real=0.03s
[2025-03-20T16:19:24.419+0000][6][safepoint   ] Safepoint "G1CollectForAllocation", Time since last: 399973626 ns, Reaching safepoint: 349556 ns, At safepoint: 24534632 ns, Total: 24884188 ns
[2025-03-20T16:19:24.455+0000][6][gc,start    ] GC(12) Pause Young (Concurrent Start) (Metadata GC Threshold)
[2025-03-20T16:19:24.455+0000][6][gc,task     ] GC(12) Using 8 workers of 8 for evacuation
[2025-03-20T16:19:24.455+0000][6][gc,age      ] GC(12) Desired survivor size 20971520 bytes, new threshold 1 (max threshold 15)
[2025-03-20T16:19:24.471+0000][6][gc,age      ] GC(12) Age table with threshold 1 (max threshold 15)
[2025-03-20T16:19:24.471+0000][6][gc,age      ] GC(12) - age   1:     104648 bytes,     104648 total
[2025-03-20T16:19:24.471+0000][6][gc,phases   ] GC(12)   Pre Evacuate Collection Set: 0.1ms
[2025-03-20T16:19:24.471+0000][6][gc,phases   ] GC(12)   Merge Heap Roots: 0.2ms
[2025-03-20T16:19:24.471+0000][6][gc,phases   ] GC(12)   Evacuate Collection Set: 14.8ms
[2025-03-20T16:19:24.471+0000][6][gc,phases   ] GC(12)   Post Evacuate Collection Set: 0.8ms
[2025-03-20T16:19:24.471+0000][6][gc,phases   ] GC(12)   Other: 0.2ms
[2025-03-20T16:19:24.471+0000][6][gc,heap     ] GC(12) Eden regions: 1->0(75)
[2025-03-20T16:19:24.471+0000][6][gc,heap     ] GC(12) Survivor regions: 10->1(10)
[2025-03-20T16:19:24.471+0000][6][gc,heap     ] GC(12) Old regions: 4->15
[2025-03-20T16:19:24.471+0000][6][gc,heap     ] GC(12) Archive regions: 2->2
[2025-03-20T16:19:24.471+0000][6][gc,heap     ] GC(12) Humongous regions: 0->0
[2025-03-20T16:19:24.471+0000][6][gc,metaspace] GC(12) Metaspace: 34621K(35520K)->34621K(35520K) NonClass: 30151K(30656K)->30151K(30656K) Class: 4470K(4864K)->4470K(4864K)
[2025-03-20T16:19:24.471+0000][6][gc          ] GC(12) Pause Young (Concurrent Start) (Metadata GC Threshold) 63M->64M(512M) 16.202ms
[2025-03-20T16:19:24.471+0000][6][gc,cpu      ] GC(12) User=0.07s Sys=0.00s Real=0.02s
[2025-03-20T16:19:24.471+0000][6][safepoint   ] Safepoint "CollectForMetadataAllocation", Time since last: 35683469 ns, Reaching safepoint: 63300 ns, At safepoint: 16359842 ns, Total: 16423142 ns
[2025-03-20T16:19:24.472+0000][6][gc          ] GC(13) Concurrent Mark Cycle
[2025-03-20T16:19:24.472+0000][6][gc,marking  ] GC(13) Concurrent Clear Claimed Marks
[2025-03-20T16:19:24.472+0000][6][gc,marking  ] GC(13) Concurrent Clear Claimed Marks 0.063ms
[2025-03-20T16:19:24.472+0000][6][gc,marking  ] GC(13) Concurrent Scan Root Regions
[2025-03-20T16:19:24.483+0000][6][gc,marking  ] GC(13) Concurrent Scan Root Regions 10.728ms
[2025-03-20T16:19:24.483+0000][6][gc,marking  ] GC(13) Concurrent Mark
[2025-03-20T16:19:24.483+0000][6][gc,marking  ] GC(13) Concurrent Mark From Roots
[2025-03-20T16:19:24.483+0000][6][gc,task     ] GC(13) Using 2 workers of 2 for marking
[2025-03-20T16:19:24.508+0000][6][safepoint   ] Safepoint "CollectForMetadataAllocation", Time since last: 26211600 ns, Reaching safepoint: 10310375 ns, At safepoint: 90662 ns, Total: 10401037 ns
[2025-03-20T16:19:24.509+0000][6][gc,marking  ] GC(13) Concurrent Mark From Roots 25.877ms
[2025-03-20T16:19:24.509+0000][6][gc,marking  ] GC(13) Concurrent Preclean
[2025-03-20T16:19:24.509+0000][6][gc,marking  ] GC(13) Concurrent Preclean 0.103ms
[2025-03-20T16:19:24.510+0000][6][gc,start    ] GC(13) Pause Remark
[2025-03-20T16:19:24.513+0000][6][gc          ] GC(13) Pause Remark 66M->66M(512M) 3.338ms
[2025-03-20T16:19:24.513+0000][6][gc,cpu      ] GC(13) User=0.01s Sys=0.01s Real=0.00s
[2025-03-20T16:19:24.513+0000][6][safepoint   ] Safepoint "G1Concurrent", Time since last: 1278104 ns, Reaching safepoint: 646010 ns, At safepoint: 3418595 ns, Total: 4064605 ns
[2025-03-20T16:19:24.513+0000][6][gc,marking  ] GC(13) Concurrent Mark 30.706ms
[2025-03-20T16:19:24.513+0000][6][gc,marking  ] GC(13) Concurrent Rebuild Remembered Sets
[2025-03-20T16:19:24.533+0000][6][gc,marking  ] GC(13) Concurrent Rebuild Remembered Sets 19.073ms
[2025-03-20T16:19:24.534+0000][6][gc,start    ] GC(13) Pause Cleanup
[2025-03-20T16:19:24.534+0000][6][gc          ] GC(13) Pause Cleanup 68M->68M(512M) 0.581ms
[2025-03-20T16:19:24.534+0000][6][gc,cpu      ] GC(13) User=0.00s Sys=0.00s Real=0.00s
[2025-03-20T16:19:24.534+0000][6][safepoint   ] Safepoint "G1Concurrent", Time since last: 19239473 ns, Reaching safepoint: 958205 ns, At safepoint: 686788 ns, Total: 1644993 ns
[2025-03-20T16:19:24.534+0000][6][gc,marking  ] GC(13) Concurrent Cleanup for Next Mark
[2025-03-20T16:19:24.535+0000][6][gc,marking  ] GC(13) Concurrent Cleanup for Next Mark 0.596ms
[2025-03-20T16:19:24.535+0000][6][gc          ] GC(13) Concurrent Mark Cycle 63.096ms
[2025-03-20T16:19:25.027+0000][6][safepoint   ] Safepoint "ICBufferFull", Time since last: 490469663 ns, Reaching safepoint: 1743588 ns, At safepoint: 17303 ns, Total: 1760891 ns
[2025-03-20T16:19:25.802+0000][6][gc,start    ] GC(14) Pause Young (Concurrent Start) (G1 Evacuation Pause)
[2025-03-20T16:19:25.802+0000][6][gc,task     ] GC(14) Using 8 workers of 8 for evacuation
[2025-03-20T16:19:25.802+0000][6][gc,age      ] GC(14) Desired survivor size 20971520 bytes, new threshold 15 (max threshold 15)
[2025-03-20T16:19:25.813+0000][6][gc,age      ] GC(14) Age table with threshold 15 (max threshold 15)
[2025-03-20T16:19:25.813+0000][6][gc,age      ] GC(14) - age   1:    6200312 bytes,    6200312 total
[2025-03-20T16:19:25.813+0000][6][gc,age      ] GC(14) - age   2:     101320 bytes,    6301632 total
[2025-03-20T16:19:25.813+0000][6][gc,phases   ] GC(14)   Pre Evacuate Collection Set: 0.2ms
[2025-03-20T16:19:25.813+0000][6][gc,phases   ] GC(14)   Merge Heap Roots: 0.1ms
[2025-03-20T16:19:25.813+0000][6][gc,phases   ] GC(14)   Evacuate Collection Set: 9.1ms
[2025-03-20T16:19:25.813+0000][6][gc,phases   ] GC(14)   Post Evacuate Collection Set: 1.0ms
[2025-03-20T16:19:25.813+0000][6][gc,phases   ] GC(14)   Other: 0.2ms
[2025-03-20T16:19:25.813+0000][6][gc,heap     ] GC(14) Eden regions: 75->0(74)
[2025-03-20T16:19:25.813+0000][6][gc,heap     ] GC(14) Survivor regions: 1->2(10)
[2025-03-20T16:19:25.813+0000][6][gc,heap     ] GC(14) Old regions: 15->15
[2025-03-20T16:19:25.813+0000][6][gc,heap     ] GC(14) Archive regions: 2->2
[2025-03-20T16:19:25.813+0000][6][gc,heap     ] GC(14) Humongous regions: 0->0
[2025-03-20T16:19:25.813+0000][6][gc,metaspace] GC(14) Metaspace: 51487K(52480K)->51487K(52480K) NonClass: 44644K(45248K)->44644K(45248K) Class: 6842K(7232K)->6842K(7232K)
[2025-03-20T16:19:25.813+0000][6][gc          ] GC(14) Pause Young (Concurrent Start) (G1 Evacuation Pause) 364M->67M(512M) 10.635ms
[2025-03-20T16:19:25.813+0000][6][gc,cpu      ] GC(14) User=0.03s Sys=0.00s Real=0.01s
[2025-03-20T16:19:25.813+0000][6][safepoint   ] Safepoint "G1CollectForAllocation", Time since last: 775603948 ns, Reaching safepoint: 184592 ns, At safepoint: 10725767 ns, Total: 10910359 ns
[2025-03-20T16:19:25.813+0000][6][gc          ] GC(15) Concurrent Mark Cycle
[2025-03-20T16:19:25.813+0000][6][gc,marking  ] GC(15) Concurrent Clear Claimed Marks
[2025-03-20T16:19:25.813+0000][6][gc,marking  ] GC(15) Concurrent Clear Claimed Marks 0.122ms
[2025-03-20T16:19:25.813+0000][6][gc,marking  ] GC(15) Concurrent Scan Root Regions
[2025-03-20T16:19:25.816+0000][6][gc,marking  ] GC(15) Concurrent Scan Root Regions 2.694ms
[2025-03-20T16:19:25.816+0000][6][gc,marking  ] GC(15) Concurrent Mark
[2025-03-20T16:19:25.816+0000][6][gc,marking  ] GC(15) Concurrent Mark From Roots
[2025-03-20T16:19:25.816+0000][6][gc,task     ] GC(15) Using 2 workers of 2 for marking
[2025-03-20T16:19:25.886+0000][6][gc,marking  ] GC(15) Concurrent Mark From Roots 70.515ms
[2025-03-20T16:19:25.887+0000][6][gc,marking  ] GC(15) Concurrent Preclean
[2025-03-20T16:19:25.887+0000][6][gc,marking  ] GC(15) Concurrent Preclean 0.551ms
[2025-03-20T16:19:25.889+0000][6][gc,start    ] GC(15) Pause Remark
[2025-03-20T16:19:25.895+0000][6][gc          ] GC(15) Pause Remark 107M->107M(512M) 5.576ms
[2025-03-20T16:19:25.895+0000][6][gc,cpu      ] GC(15) User=0.01s Sys=0.00s Real=0.00s
[2025-03-20T16:19:25.895+0000][6][safepoint   ] Safepoint "G1Concurrent", Time since last: 74523346 ns, Reaching safepoint: 1843221 ns, At safepoint: 5668976 ns, Total: 7512197 ns
[2025-03-20T16:19:25.895+0000][6][gc,marking  ] GC(15) Concurrent Mark 79.195ms
[2025-03-20T16:19:25.895+0000][6][gc,marking  ] GC(15) Concurrent Rebuild Remembered Sets
[2025-03-20T16:19:25.924+0000][6][gc,marking  ] GC(15) Concurrent Rebuild Remembered Sets 29.176ms
[2025-03-20T16:19:25.927+0000][6][gc,start    ] GC(15) Pause Cleanup
[2025-03-20T16:19:25.927+0000][6][gc          ] GC(15) Pause Cleanup 109M->109M(512M) 0.098ms
[2025-03-20T16:19:25.927+0000][6][gc,cpu      ] GC(15) User=0.00s Sys=0.00s Real=0.00s
[2025-03-20T16:19:25.927+0000][6][safepoint   ] Safepoint "G1Concurrent", Time since last: 30552111 ns, Reaching safepoint: 901680 ns, At safepoint: 145026 ns, Total: 1046706 ns
[2025-03-20T16:19:25.927+0000][6][gc,marking  ] GC(15) Concurrent Cleanup for Next Mark
[2025-03-20T16:19:25.928+0000][6][gc,marking  ] GC(15) Concurrent Cleanup for Next Mark 1.011ms
[2025-03-20T16:19:25.928+0000][6][gc          ] GC(15) Concurrent Mark Cycle 114.719ms
[2025-03-20T16:19:26.594+0000][6][safepoint   ] Safepoint "ICBufferFull", Time since last: 665207731 ns, Reaching safepoint: 1714175 ns, At safepoint: 47190 ns, Total: 1761365 ns
[2025-03-20T16:19:27.188+0000][6][safepoint   ] Safepoint "ICBufferFull", Time since last: 594265203 ns, Reaching safepoint: 402216 ns, At safepoint: 8236 ns, Total: 410452 ns
[2025-03-20T16:19:28.198+0000][6][safepoint   ] Safepoint "ICBufferFull", Time since last: 1009337323 ns, Reaching safepoint: 328616 ns, At safepoint: 13656 ns, Total: 342272 ns
[2025-03-20T16:19:28.203+0000][6][gc,start    ] GC(16) Pause Young (Normal) (G1 Evacuation Pause)
[2025-03-20T16:19:28.203+0000][6][gc,task     ] GC(16) Using 8 workers of 8 for evacuation
[2025-03-20T16:19:28.203+0000][6][gc,age      ] GC(16) Desired survivor size 20971520 bytes, new threshold 15 (max threshold 15)
[2025-03-20T16:19:28.221+0000][6][gc,age      ] GC(16) Age table with threshold 15 (max threshold 15)
[2025-03-20T16:19:28.221+0000][6][gc,age      ] GC(16) - age   1:   14046656 bytes,   14046656 total
[2025-03-20T16:19:28.221+0000][6][gc,age      ] GC(16) - age   2:    6012552 bytes,   20059208 total
[2025-03-20T16:19:28.222+0000][6][gc,age      ] GC(16) - age   3:     100408 bytes,   20159616 total
[2025-03-20T16:19:28.222+0000][6][gc,phases   ] GC(16)   Pre Evacuate Collection Set: 0.1ms
[2025-03-20T16:19:28.222+0000][6][gc,phases   ] GC(16)   Merge Heap Roots: 0.1ms
[2025-03-20T16:19:28.222+0000][6][gc,phases   ] GC(16)   Evacuate Collection Set: 15.6ms
[2025-03-20T16:19:28.222+0000][6][gc,phases   ] GC(16)   Post Evacuate Collection Set: 2.5ms
[2025-03-20T16:19:28.222+0000][6][gc,phases   ] GC(16)   Other: 0.2ms
[2025-03-20T16:19:28.222+0000][6][gc,heap     ] GC(16) Eden regions: 74->0(71)
[2025-03-20T16:19:28.222+0000][6][gc,heap     ] GC(16) Survivor regions: 2->5(10)
[2025-03-20T16:19:28.222+0000][6][gc,heap     ] GC(16) Old regions: 15->15
[2025-03-20T16:19:28.222+0000][6][gc,heap     ] GC(16) Archive regions: 2->2
[2025-03-20T16:19:28.222+0000][6][gc,heap     ] GC(16) Humongous regions: 0->0
[2025-03-20T16:19:28.222+0000][6][gc,metaspace] GC(16) Metaspace: 78222K(79488K)->78222K(79488K) NonClass: 67687K(68416K)->67687K(68416K) Class: 10535K(11072K)->10535K(11072K)
[2025-03-20T16:19:28.222+0000][6][gc          ] GC(16) Pause Young (Normal) (G1 Evacuation Pause) 363M->80M(512M) 18.560ms
[2025-03-20T16:19:28.222+0000][6][gc,cpu      ] GC(16) User=0.08s Sys=0.00s Real=0.02s
[2025-03-20T16:19:28.222+0000][6][safepoint   ] Safepoint "G1CollectForAllocation", Time since last: 4935273 ns, Reaching safepoint: 113866 ns, At safepoint: 18690328 ns, Total: 18804194 ns
[2025-03-20T16:19:28.796+0000][6][gc,start    ] GC(17) Pause Young (Concurrent Start) (Metadata GC Threshold)
[2025-03-20T16:19:28.796+0000][6][gc,task     ] GC(17) Using 8 workers of 8 for evacuation
[2025-03-20T16:19:28.796+0000][6][gc,age      ] GC(17) Desired survivor size 20971520 bytes, new threshold 15 (max threshold 15)
[2025-03-20T16:19:28.812+0000][6][gc,age      ] GC(17) Age table with threshold 15 (max threshold 15)
[2025-03-20T16:19:28.812+0000][6][gc,age      ] GC(17) - age   1:    3052696 bytes,    3052696 total
[2025-03-20T16:19:28.812+0000][6][gc,age      ] GC(17) - age   2:   13414672 bytes,   16467368 total
[2025-03-20T16:19:28.812+0000][6][gc,age      ] GC(17) - age   3:    5999080 bytes,   22466448 total
[2025-03-20T16:19:28.812+0000][6][gc,age      ] GC(17) - age   4:      99720 bytes,   22566168 total
[2025-03-20T16:19:28.812+0000][6][gc,phases   ] GC(17)   Pre Evacuate Collection Set: 0.2ms
[2025-03-20T16:19:28.812+0000][6][gc,phases   ] GC(17)   Merge Heap Roots: 0.1ms
[2025-03-20T16:19:28.812+0000][6][gc,phases   ] GC(17)   Evacuate Collection Set: 10.2ms
[2025-03-20T16:19:28.812+0000][6][gc,phases   ] GC(17)   Post Evacuate Collection Set: 4.8ms
[2025-03-20T16:19:28.812+0000][6][gc,phases   ] GC(17)   Other: 0.2ms
[2025-03-20T16:19:28.812+0000][6][gc,heap     ] GC(17) Eden regions: 15->0(70)
[2025-03-20T16:19:28.812+0000][6][gc,heap     ] GC(17) Survivor regions: 5->6(10)
[2025-03-20T16:19:28.812+0000][6][gc,heap     ] GC(17) Old regions: 15->15
[2025-03-20T16:19:28.812+0000][6][gc,heap     ] GC(17) Archive regions: 2->2
[2025-03-20T16:19:28.812+0000][6][gc,heap     ] GC(17) Humongous regions: 0->0
[2025-03-20T16:19:28.812+0000][6][gc,metaspace] GC(17) Metaspace: 86366K(87616K)->86366K(87616K) NonClass: 74597K(75328K)->74597K(75328K) Class: 11768K(12288K)->11768K(12288K)
[2025-03-20T16:19:28.812+0000][6][gc          ] GC(17) Pause Young (Concurrent Start) (Metadata GC Threshold) 138M->83M(512M) 15.652ms
[2025-03-20T16:19:28.812+0000][6][gc,cpu      ] GC(17) User=0.05s Sys=0.00s Real=0.02s
[2025-03-20T16:19:28.812+0000][6][safepoint   ] Safepoint "CollectForMetadataAllocation", Time since last: 572623542 ns, Reaching safepoint: 1966933 ns, At safepoint: 15805935 ns, Total: 17772868 ns
[2025-03-20T16:19:28.812+0000][6][gc          ] GC(18) Concurrent Mark Cycle
[2025-03-20T16:19:28.812+0000][6][gc,marking  ] GC(18) Concurrent Clear Claimed Marks
[2025-03-20T16:19:28.812+0000][6][gc,marking  ] GC(18) Concurrent Clear Claimed Marks 0.085ms
[2025-03-20T16:19:28.812+0000][6][gc,marking  ] GC(18) Concurrent Scan Root Regions
[2025-03-20T16:19:28.820+0000][6][gc,marking  ] GC(18) Concurrent Scan Root Regions 8.121ms
[2025-03-20T16:19:28.821+0000][6][gc,marking  ] GC(18) Concurrent Mark
[2025-03-20T16:19:28.821+0000][6][gc,marking  ] GC(18) Concurrent Mark From Roots
[2025-03-20T16:19:28.821+0000][6][gc,task     ] GC(18) Using 2 workers of 2 for marking
[2025-03-20T16:19:28.856+0000][6][gc,marking  ] GC(18) Concurrent Mark From Roots 35.964ms
[2025-03-20T16:19:28.857+0000][6][gc,marking  ] GC(18) Concurrent Preclean
[2025-03-20T16:19:28.857+0000][6][gc,marking  ] GC(18) Concurrent Preclean 0.229ms
[2025-03-20T16:19:28.857+0000][6][gc,start    ] GC(18) Pause Remark
[2025-03-20T16:19:28.860+0000][6][gc          ] GC(18) Pause Remark 85M->85M(512M) 3.086ms
[2025-03-20T16:19:28.860+0000][6][gc,cpu      ] GC(18) User=0.00s Sys=0.00s Real=0.01s
[2025-03-20T16:19:28.860+0000][6][safepoint   ] Safepoint "G1Concurrent", Time since last: 44685617 ns, Reaching safepoint: 215831 ns, At safepoint: 3164195 ns, Total: 3380026 ns
[2025-03-20T16:19:28.860+0000][6][gc,marking  ] GC(18) Concurrent Mark 39.759ms
[2025-03-20T16:19:28.860+0000][6][gc,marking  ] GC(18) Concurrent Rebuild Remembered Sets
[2025-03-20T16:19:28.882+0000][6][gc,marking  ] GC(18) Concurrent Rebuild Remembered Sets 21.466ms
[2025-03-20T16:19:28.882+0000][6][gc,start    ] GC(18) Pause Cleanup
[2025-03-20T16:19:28.882+0000][6][gc          ] GC(18) Pause Cleanup 87M->87M(512M) 0.110ms
[2025-03-20T16:19:28.882+0000][6][gc,cpu      ] GC(18) User=0.00s Sys=0.00s Real=0.00s
[2025-03-20T16:19:28.882+0000][6][safepoint   ] Safepoint "G1Concurrent", Time since last: 21644013 ns, Reaching safepoint: 117353 ns, At safepoint: 141430 ns, Total: 258783 ns
[2025-03-20T16:19:28.882+0000][6][gc,marking  ] GC(18) Concurrent Cleanup for Next Mark
[2025-03-20T16:19:28.886+0000][6][gc,marking  ] GC(18) Concurrent Cleanup for Next Mark 3.691ms
[2025-03-20T16:19:28.886+0000][6][gc          ] GC(18) Concurrent Mark Cycle 74.114ms
[2025-03-20T16:19:29.319+0000][6][safepoint   ] Safepoint "ICBufferFull", Time since last: 423806316 ns, Reaching safepoint: 13205430 ns, At safepoint: 40758 ns, Total: 13246188 ns
[2025-03-20T16:19:29.583+0000][6][safepoint   ] Safepoint "ICBufferFull", Time since last: 263820904 ns, Reaching safepoint: 260576 ns, At safepoint: 17413 ns, Total: 277989 ns
[2025-03-20T16:19:29.971+0000][6][safepoint   ] Safepoint "ICBufferFull", Time since last: 386062938 ns, Reaching safepoint: 1584658 ns, At safepoint: 40026 ns, Total: 1624684 ns
[2025-03-20T16:19:30.151+0000][6][safepoint   ] Safepoint "ICBufferFull", Time since last: 172309123 ns, Reaching safepoint: 7835123 ns, At safepoint: 64162 ns, Total: 7899285 ns
[2025-03-20T16:19:30.440+0000][6][safepoint   ] Safepoint "ICBufferFull", Time since last: 288628345 ns, Reaching safepoint: 376678 ns, At safepoint: 6462 ns, Total: 383140 ns
[2025-03-20T16:19:31.025+0000][6][safepoint   ] Safepoint "ICBufferFull", Time since last: 584022583 ns, Reaching safepoint: 1227017 ns, At safepoint: 26631 ns, Total: 1253648 ns
[2025-03-20T16:19:31.415+0000][6][safepoint   ] Safepoint "ICBufferFull", Time since last: 382770790 ns, Reaching safepoint: 6829467 ns, At safepoint: 59674 ns, Total: 6889141 ns
[2025-03-20T16:19:32.416+0000][6][safepoint   ] Safepoint "Cleanup", Time since last: 1001016292 ns, Reaching safepoint: 201103 ns, At safepoint: 4960 ns, Total: 206063 ns
[2025-03-20T16:19:33.129+0000][6][gc,start    ] GC(19) Pause Young (Normal) (G1 Evacuation Pause)
[2025-03-20T16:19:33.129+0000][6][gc,task     ] GC(19) Using 8 workers of 8 for evacuation
[2025-03-20T16:19:33.129+0000][6][gc,age      ] GC(19) Desired survivor size 20971520 bytes, new threshold 3 (max threshold 15)
[2025-03-20T16:19:33.147+0000][6][gc,age      ] GC(19) Age table with threshold 3 (max threshold 15)
[2025-03-20T16:19:33.147+0000][6][gc,age      ] GC(19) - age   1:    5164368 bytes,    5164368 total
[2025-03-20T16:19:33.147+0000][6][gc,age      ] GC(19) - age   2:    2816232 bytes,    7980600 total
[2025-03-20T16:19:33.147+0000][6][gc,age      ] GC(19) - age   3:   13241512 bytes,   21222112 total
[2025-03-20T16:19:33.147+0000][6][gc,phases   ] GC(19)   Pre Evacuate Collection Set: 0.2ms
[2025-03-20T16:19:33.147+0000][6][gc,phases   ] GC(19)   Merge Heap Roots: 0.2ms
[2025-03-20T16:19:33.147+0000][6][gc,phases   ] GC(19)   Evacuate Collection Set: 15.2ms
[2025-03-20T16:19:33.147+0000][6][gc,phases   ] GC(19)   Post Evacuate Collection Set: 2.2ms
[2025-03-20T16:19:33.147+0000][6][gc,phases   ] GC(19)   Other: 0.2ms
[2025-03-20T16:19:33.147+0000][6][gc,heap     ] GC(19) Eden regions: 70->0(70)
[2025-03-20T16:19:33.147+0000][6][gc,heap     ] GC(19) Survivor regions: 6->6(10)
[2025-03-20T16:19:33.147+0000][6][gc,heap     ] GC(19) Old regions: 15->16
[2025-03-20T16:19:33.147+0000][6][gc,heap     ] GC(19) Archive regions: 2->2
[2025-03-20T16:19:33.147+0000][6][gc,heap     ] GC(19) Humongous regions: 2->2
[2025-03-20T16:19:33.147+0000][6][gc,metaspace] GC(19) Metaspace: 98072K(99456K)->98072K(99456K) NonClass: 84658K(85504K)->84658K(85504K) Class: 13413K(13952K)->13413K(13952K)
[2025-03-20T16:19:33.147+0000][6][gc          ] GC(19) Pause Young (Normal) (G1 Evacuation Pause) 371M->96M(512M) 17.888ms
[2025-03-20T16:19:33.147+0000][6][gc,cpu      ] GC(19) User=0.05s Sys=0.00s Real=0.02s
[2025-03-20T16:19:33.147+0000][6][safepoint   ] Safepoint "G1CollectForAllocation", Time since last: 712601044 ns, Reaching safepoint: 163600 ns, At safepoint: 17991388 ns, Total: 18154988 ns
[2025-03-20T16:19:34.148+0000][6][safepoint   ] Safepoint "Cleanup", Time since last: 1000774164 ns, Reaching safepoint: 181235 ns, At safepoint: 4979 ns, Total: 186214 ns
[2025-03-20T16:19:34.949+0000][6][safepoint   ] Safepoint "ICBufferFull", Time since last: 800637305 ns, Reaching safepoint: 179912 ns, At safepoint: 3367 ns, Total: 183279 ns
[2025-03-20T16:19:35.224+0000][6][safepoint   ] Safepoint "ICBufferFull", Time since last: 275168946 ns, Reaching safepoint: 208096 ns, At safepoint: 24136 ns, Total: 232232 ns
[2025-03-20T16:19:35.531+0000][6][safepoint   ] Safepoint "ICBufferFull", Time since last: 305764633 ns, Reaching safepoint: 705264 ns, At safepoint: 44565 ns, Total: 749829 ns
[2025-03-20T16:19:36.915+0000][6][safepoint   ] Safepoint "Cleanup", Time since last: 1384069486 ns, Reaching safepoint: 260136 ns, At safepoint: 24006 ns, Total: 284142 ns
[2025-03-20T16:19:37.916+0000][6][safepoint   ] Safepoint "Cleanup", Time since last: 1000329595 ns, Reaching safepoint: 228746 ns, At safepoint: 5200 ns, Total: 233946 ns
[2025-03-20T16:19:38.594+0000][6][safepoint   ] Safepoint "ICBufferFull", Time since last: 677371405 ns, Reaching safepoint: 913359 ns, At safepoint: 30047 ns, Total: 943406 ns
[2025-03-20T16:19:38.596+0000][6][safepoint   ] Safepoint "ICBufferFull", Time since last: 901667 ns, Reaching safepoint: 588171 ns, At safepoint: 25559 ns, Total: 613730 ns
[2025-03-20T16:19:38.596+0000][6][safepoint   ] Safepoint "ICBufferFull", Time since last: 551620 ns, Reaching safepoint: 167059 ns, At safepoint: 13886 ns, Total: 180945 ns
[2025-03-20T16:19:38.597+0000][6][safepoint   ] Safepoint "ICBufferFull", Time since last: 674064 ns, Reaching safepoint: 248872 ns, At safepoint: 17062 ns, Total: 265934 ns
[2025-03-20T16:19:38.598+0000][6][safepoint   ] Safepoint "ICBufferFull", Time since last: 781339 ns, Reaching safepoint: 295452 ns, At safepoint: 14037 ns, Total: 309489 ns
[2025-03-20T16:19:38.600+0000][6][safepoint   ] Safepoint "ICBufferFull", Time since last: 1275329 ns, Reaching safepoint: 346550 ns, At safepoint: 24587 ns, Total: 371137 ns
[2025-03-20T16:19:38.601+0000][6][safepoint   ] Safepoint "ICBufferFull", Time since last: 982992 ns, Reaching safepoint: 420902 ns, At safepoint: 3977 ns, Total: 424879 ns
[2025-03-20T16:19:38.603+0000][6][safepoint   ] Safepoint "ICBufferFull", Time since last: 732315 ns, Reaching safepoint: 538275 ns, At safepoint: 20860 ns, Total: 559135 ns
[2025-03-20T16:19:38.604+0000][6][safepoint   ] Safepoint "ICBufferFull", Time since last: 789463 ns, Reaching safepoint: 906176 ns, At safepoint: 17874 ns, Total: 924050 ns
[2025-03-20T16:19:38.605+0000][6][safepoint   ] Safepoint "ICBufferFull", Time since last: 596837 ns, Reaching safepoint: 96514 ns, At safepoint: 2615 ns, Total: 99129 ns
[2025-03-20T16:19:38.606+0000][6][safepoint   ] Safepoint "ICBufferFull", Time since last: 765878 ns, Reaching safepoint: 92707 ns, At safepoint: 3036 ns, Total: 95743 ns
[2025-03-20T16:19:38.607+0000][6][safepoint   ] Safepoint "ICBufferFull", Time since last: 654556 ns, Reaching safepoint: 178210 ns, At safepoint: 13225 ns, Total: 191435 ns
[2025-03-20T16:19:38.607+0000][6][safepoint   ] Safepoint "ICBufferFull", Time since last: 525862 ns, Reaching safepoint: 93267 ns, At safepoint: 2525 ns, Total: 95792 ns
[2025-03-20T16:19:38.609+0000][6][safepoint   ] Safepoint "ICBufferFull", Time since last: 1090327 ns, Reaching safepoint: 548186 ns, At safepoint: 15529 ns, Total: 563715 ns
[2025-03-20T16:19:38.610+0000][6][safepoint   ] Safepoint "ICBufferFull", Time since last: 975017 ns, Reaching safepoint: 91665 ns, At safepoint: 22022 ns, Total: 113687 ns
[2025-03-20T16:19:38.667+0000][6][safepoint   ] Safepoint "ICBufferFull", Time since last: 57101405 ns, Reaching safepoint: 150116 ns, At safepoint: 28174 ns, Total: 178290 ns
[2025-03-20T16:19:38.849+0000][6][safepoint   ] Safepoint "ICBufferFull", Time since last: 181239925 ns, Reaching safepoint: 278571 ns, At safepoint: 20629 ns, Total: 299200 ns
[2025-03-20T16:19:38.925+0000][6][gc,start    ] GC(20) Pause Young (Normal) (G1 Evacuation Pause)
[2025-03-20T16:19:38.925+0000][6][gc,task     ] GC(20) Using 8 workers of 8 for evacuation
[2025-03-20T16:19:38.925+0000][6][gc,age      ] GC(20) Desired survivor size 20971520 bytes, new threshold 3 (max threshold 15)
[2025-03-20T16:19:38.935+0000][6][gc,age      ] GC(20) Age table with threshold 3 (max threshold 15)
[2025-03-20T16:19:38.935+0000][6][gc,age      ] GC(20) - age   1:   10496240 bytes,   10496240 total
[2025-03-20T16:19:38.935+0000][6][gc,age      ] GC(20) - age   2:    4790200 bytes,   15286440 total
[2025-03-20T16:19:38.935+0000][6][gc,age      ] GC(20) - age   3:    2811888 bytes,   18098328 total
[2025-03-20T16:19:38.935+0000][6][gc,phases   ] GC(20)   Pre Evacuate Collection Set: 0.1ms
[2025-03-20T16:19:38.935+0000][6][gc,phases   ] GC(20)   Merge Heap Roots: 0.2ms
[2025-03-20T16:19:38.935+0000][6][gc,phases   ] GC(20)   Evacuate Collection Set: 8.0ms
[2025-03-20T16:19:38.935+0000][6][gc,phases   ] GC(20)   Post Evacuate Collection Set: 1.4ms
[2025-03-20T16:19:38.935+0000][6][gc,phases   ] GC(20)   Other: 0.2ms
[2025-03-20T16:19:38.935+0000][6][gc,heap     ] GC(20) Eden regions: 70->0(68)
[2025-03-20T16:19:38.935+0000][6][gc,heap     ] GC(20) Survivor regions: 6->5(10)
[2025-03-20T16:19:38.935+0000][6][gc,heap     ] GC(20) Old regions: 16->19
[2025-03-20T16:19:38.935+0000][6][gc,heap     ] GC(20) Archive regions: 2->2
[2025-03-20T16:19:38.935+0000][6][gc,heap     ] GC(20) Humongous regions: 5->5
[2025-03-20T16:19:38.935+0000][6][gc,metaspace] GC(20) Metaspace: 104708K(106112K)->104708K(106112K) NonClass: 90498K(91328K)->90498K(91328K) Class: 14210K(14784K)->14210K(14784K)
[2025-03-20T16:19:38.935+0000][6][gc          ] GC(20) Pause Young (Normal) (G1 Evacuation Pause) 388M->119M(512M) 9.873ms
[2025-03-20T16:19:38.935+0000][6][gc,cpu      ] GC(20) User=0.05s Sys=0.00s Real=0.01s
[2025-03-20T16:19:38.935+0000][6][safepoint   ] Safepoint "G1CollectForAllocation", Time since last: 76010037 ns, Reaching safepoint: 182638 ns, At safepoint: 9981081 ns, Total: 10163719 ns
[2025-03-20T16:19:39.012+0000][6][safepoint   ] Safepoint "ICBufferFull", Time since last: 76070052 ns, Reaching safepoint: 355014 ns, At safepoint: 17804 ns, Total: 372818 ns
[2025-03-20T16:19:39.295+0000][6][safepoint   ] Safepoint "ICBufferFull", Time since last: 283665067 ns, Reaching safepoint: 263702 ns, At safepoint: 18675 ns, Total: 282377 ns
[2025-03-20T16:19:40.051+0000][6][safepoint   ] Safepoint "ICBufferFull", Time since last: 755057576 ns, Reaching safepoint: 262498 ns, At safepoint: 12734 ns, Total: 275232 ns
[2025-03-20T16:19:41.052+0000][6][safepoint   ] Safepoint "Cleanup", Time since last: 1000897670 ns, Reaching safepoint: 532244 ns, At safepoint: 22754 ns, Total: 554998 ns
[2025-03-20T16:19:42.447+0000][6][safepoint   ] Safepoint "Cleanup", Time since last: 1394577127 ns, Reaching safepoint: 488065 ns, At safepoint: 5491 ns, Total: 493556 ns
[2025-03-20T16:19:43.448+0000][6][safepoint   ] Safepoint "Cleanup", Time since last: 1000245809 ns, Reaching safepoint: 696976 ns, At safepoint: 6713 ns, Total: 703689 ns
[2025-03-20T16:19:44.449+0000][6][safepoint   ] Safepoint "Cleanup", Time since last: 1000464426 ns, Reaching safepoint: 652052 ns, At safepoint: 8506 ns, Total: 660558 ns
[2025-03-20T16:19:45.450+0000][6][safepoint   ] Safepoint "Cleanup", Time since last: 1000262840 ns, Reaching safepoint: 147661 ns, At safepoint: 3407 ns, Total: 151068 ns
[2025-03-20T16:19:46.451+0000][6][safepoint   ] Safepoint "Cleanup", Time since last: 1000528287 ns, Reaching safepoint: 133815 ns, At safepoint: 5200 ns, Total: 139015 ns
[2025-03-20T16:19:47.451+0000][6][safepoint   ] Safepoint "Cleanup", Time since last: 1000509607 ns, Reaching safepoint: 129777 ns, At safepoint: 3557 ns, Total: 133334 ns
[2025-03-20T16:19:48.452+0000][6][safepoint   ] Safepoint "Cleanup", Time since last: 1000390973 ns, Reaching safepoint: 111182 ns, At safepoint: 3397 ns, Total: 114579 ns
[2025-03-20T16:19:49.453+0000][6][safepoint   ] Safepoint "Cleanup", Time since last: 1000984231 ns, Reaching safepoint: 176696 ns, At safepoint: 5431 ns, Total: 182127 ns
[2025-03-20T16:19:50.454+0000][6][safepoint   ] Safepoint "Cleanup", Time since last: 1000700004 ns, Reaching safepoint: 149515 ns, At safepoint: 5240 ns, Total: 154755 ns
[2025-03-20T16:19:51.424+0000][6][gc,start    ] GC(21) Pause Young (Normal) (G1 Evacuation Pause)
[2025-03-20T16:19:51.424+0000][6][gc,task     ] GC(21) Using 8 workers of 8 for evacuation
[2025-03-20T16:19:51.424+0000][6][gc,age      ] GC(21) Desired survivor size 20971520 bytes, new threshold 15 (max threshold 15)
[2025-03-20T16:19:51.431+0000][6][gc,age      ] GC(21) Age table with threshold 15 (max threshold 15)
[2025-03-20T16:19:51.431+0000][6][gc,age      ] GC(21) - age   1:   12508352 bytes,   12508352 total
[2025-03-20T16:19:51.431+0000][6][gc,age      ] GC(21) - age   2:    6073656 bytes,   18582008 total
[2025-03-20T16:19:51.431+0000][6][gc,age      ] GC(21) - age   3:    4789888 bytes,   23371896 total
[2025-03-20T16:19:51.431+0000][6][gc,age      ] GC(21) - age   4:    2811872 bytes,   26183768 total
[2025-03-20T16:19:51.431+0000][6][gc,phases   ] GC(21)   Pre Evacuate Collection Set: 0.1ms
[2025-03-20T16:19:51.431+0000][6][gc,phases   ] GC(21)   Merge Heap Roots: 0.1ms
[2025-03-20T16:19:51.431+0000][6][gc,phases   ] GC(21)   Evacuate Collection Set: 5.4ms
[2025-03-20T16:19:51.431+0000][6][gc,phases   ] GC(21)   Post Evacuate Collection Set: 1.9ms
[2025-03-20T16:19:51.431+0000][6][gc,phases   ] GC(21)   Other: 0.2ms
[2025-03-20T16:19:51.431+0000][6][gc,heap     ] GC(21) Eden regions: 68->0(65)
[2025-03-20T16:19:51.431+0000][6][gc,heap     ] GC(21) Survivor regions: 5->7(10)
[2025-03-20T16:19:51.431+0000][6][gc,heap     ] GC(21) Old regions: 19->19
[2025-03-20T16:19:51.431+0000][6][gc,heap     ] GC(21) Archive regions: 2->2
[2025-03-20T16:19:51.431+0000][6][gc,heap     ] GC(21) Humongous regions: 5->5
[2025-03-20T16:19:51.431+0000][6][gc,metaspace] GC(21) Metaspace: 106212K(107648K)->106212K(107648K) NonClass: 91913K(92736K)->91913K(92736K) Class: 14298K(14912K)->14298K(14912K)
[2025-03-20T16:19:51.431+0000][6][gc          ] GC(21) Pause Young (Normal) (G1 Evacuation Pause) 390M->127M(512M) 7.724ms
[2025-03-20T16:19:51.431+0000][6][gc,cpu      ] GC(21) User=0.03s Sys=0.00s Real=0.01s
[2025-03-20T16:19:51.431+0000][6][safepoint   ] Safepoint "G1CollectForAllocation", Time since last: 969745223 ns, Reaching safepoint: 104178 ns, At safepoint: 7822934 ns, Total: 7927112 ns
[2025-03-20T16:19:53.127+0000][6][safepoint   ] Safepoint "Cleanup", Time since last: 1695663770 ns, Reaching safepoint: 236302 ns, At safepoint: 16551 ns, Total: 252853 ns
[2025-03-20T16:19:54.128+0000][6][safepoint   ] Safepoint "Cleanup", Time since last: 1000124856 ns, Reaching safepoint: 103407 ns, At safepoint: 13275 ns, Total: 116682 ns
[2025-03-20T16:19:55.129+0000][6][safepoint   ] Safepoint "Cleanup", Time since last: 1001001062 ns, Reaching safepoint: 205521 ns, At safepoint: 5871 ns, Total: 211392 ns
[2025-03-20T16:19:56.129+0000][6][safepoint   ] Safepoint "Cleanup", Time since last: 1000459628 ns, Reaching safepoint: 163111 ns, At safepoint: 4969 ns, Total: 168080 ns
[2025-03-20T16:19:58.131+0000][6][safepoint   ] Safepoint "Cleanup", Time since last: 2001363845 ns, Reaching safepoint: 112204 ns, At safepoint: 4418 ns, Total: 116622 ns
[2025-03-20T16:19:59.132+0000][6][safepoint   ] Safepoint "Cleanup", Time since last: 1001096958 ns, Reaching safepoint: 118225 ns, At safepoint: 3697 ns, Total: 121922 ns
[2025-03-20T16:20:00.133+0000][6][safepoint   ] Safepoint "Cleanup", Time since last: 1001175429 ns, Reaching safepoint: 214849 ns, At safepoint: 7625 ns, Total: 222474 ns
[2025-03-20T16:20:02.135+0000][6][safepoint   ] Safepoint "Cleanup", Time since last: 2000963251 ns, Reaching safepoint: 116873 ns, At safepoint: 3737 ns, Total: 120610 ns
[2025-03-20T16:20:03.135+0000][6][safepoint   ] Safepoint "Cleanup", Time since last: 1000621111 ns, Reaching safepoint: 87186 ns, At safepoint: 3036 ns, Total: 90222 ns
[2025-03-20T16:20:04.136+0000][6][safepoint   ] Safepoint "Cleanup", Time since last: 1000888393 ns, Reaching safepoint: 111502 ns, At safepoint: 3387 ns, Total: 114889 ns
[2025-03-20T16:20:05.137+0000][6][safepoint   ] Safepoint "Cleanup", Time since last: 1000430585 ns, Reaching safepoint: 214108 ns, At safepoint: 5881 ns, Total: 219989 ns
[2025-03-20T16:20:06.137+0000][6][safepoint   ] Safepoint "Cleanup", Time since last: 1000383854 ns, Reaching safepoint: 123946 ns, At safepoint: 3526 ns, Total: 127472 ns
[2025-03-20T16:20:07.138+0000][6][safepoint   ] Safepoint "Cleanup", Time since last: 1000773933 ns, Reaching safepoint: 93769 ns, At safepoint: 4338 ns, Total: 98107 ns
[2025-03-20T16:20:09.139+0000][6][safepoint   ] Safepoint "Cleanup", Time since last: 2000978257 ns, Reaching safepoint: 157861 ns, At safepoint: 4980 ns, Total: 162841 ns
[2025-03-20T16:20:10.140+0000][6][safepoint   ] Safepoint "Cleanup", Time since last: 1000947196 ns, Reaching safepoint: 112916 ns, At safepoint: 7744 ns, Total: 120660 ns
[2025-03-20T16:20:11.141+0000][6][safepoint   ] Safepoint "Cleanup", Time since last: 1000309114 ns, Reaching safepoint: 135589 ns, At safepoint: 4608 ns, Total: 140197 ns
[2025-03-20T16:20:12.142+0000][6][safepoint   ] Safepoint "Cleanup", Time since last: 1000591950 ns, Reaching safepoint: 91734 ns, At safepoint: 4128 ns, Total: 95862 ns
[2025-03-20T16:20:13.143+0000][6][safepoint   ] Safepoint "Cleanup", Time since last: 1000798389 ns, Reaching safepoint: 106844 ns, At safepoint: 5520 ns, Total: 112364 ns
[2025-03-20T16:20:14.143+0000][6][safepoint   ] Safepoint "Cleanup", Time since last: 1000838421 ns, Reaching safepoint: 91655 ns, At safepoint: 5540 ns, Total: 97195 ns
[2025-03-20T16:20:15.144+0000][6][safepoint   ] Safepoint "Cleanup", Time since last: 1000320734 ns, Reaching safepoint: 126430 ns, At safepoint: 5771 ns, Total: 132201 ns
[2025-03-20T16:20:17.146+0000][6][safepoint   ] Safepoint "Cleanup", Time since last: 2001956124 ns, Reaching safepoint: 97756 ns, At safepoint: 3557 ns, Total: 101313 ns
[2025-03-20T16:20:18.147+0000][6][safepoint   ] Safepoint "Cleanup", Time since last: 1000496019 ns, Reaching safepoint: 208481 ns, At safepoint: 7364 ns, Total: 215845 ns
[2025-03-20T16:20:19.148+0000][6][safepoint   ] Safepoint "Cleanup", Time since last: 1001005584 ns, Reaching safepoint: 159083 ns, At safepoint: 3938 ns, Total: 163021 ns
[2025-03-20T16:20:20.148+0000][6][safepoint   ] Safepoint "Cleanup", Time since last: 1000253741 ns, Reaching safepoint: 109058 ns, At safepoint: 3286 ns, Total: 112344 ns
[2025-03-20T16:20:21.149+0000][6][safepoint   ] Safepoint "Cleanup", Time since last: 1000129741 ns, Reaching safepoint: 152841 ns, At safepoint: 5570 ns, Total: 158411 ns
[2025-03-20T16:20:22.149+0000][6][safepoint   ] Safepoint "Cleanup", Time since last: 1000584376 ns, Reaching safepoint: 245568 ns, At safepoint: 16301 ns, Total: 261869 ns
[2025-03-20T16:20:23.150+0000][6][safepoint   ] Safepoint "Cleanup", Time since last: 1000520100 ns, Reaching safepoint: 104289 ns, At safepoint: 2926 ns, Total: 107215 ns
[2025-03-20T16:20:24.151+0000][6][safepoint   ] Safepoint "Cleanup", Time since last: 1000456785 ns, Reaching safepoint: 81235 ns, At safepoint: 2935 ns, Total: 84170 ns
[2025-03-20T16:20:25.151+0000][6][safepoint   ] Safepoint "Cleanup", Time since last: 1000224616 ns, Reaching safepoint: 298891 ns, At safepoint: 6051 ns, Total: 304942 ns
[2025-03-20T16:20:26.152+0000][6][safepoint   ] Safepoint "Cleanup", Time since last: 1000630127 ns, Reaching safepoint: 95983 ns, At safepoint: 3436 ns, Total: 99419 ns
[2025-03-20T16:20:27.153+0000][6][safepoint   ] Safepoint "Cleanup", Time since last: 1000685028 ns, Reaching safepoint: 87647 ns, At safepoint: 3306 ns, Total: 90953 ns
[2025-03-20T16:20:29.154+0000][6][safepoint   ] Safepoint "Cleanup", Time since last: 2000977287 ns, Reaching safepoint: 113944 ns, At safepoint: 5511 ns, Total: 119455 ns
[2025-03-20T16:20:31.155+0000][6][safepoint   ] Safepoint "Cleanup", Time since last: 2001319500 ns, Reaching safepoint: 331367 ns, At safepoint: 6332 ns, Total: 337699 ns
[2025-03-20T16:20:32.156+0000][6][safepoint   ] Safepoint "Cleanup", Time since last: 1000580191 ns, Reaching safepoint: 129757 ns, At safepoint: 4629 ns, Total: 134386 ns
[2025-03-20T16:20:33.157+0000][6][safepoint   ] Safepoint "Cleanup", Time since last: 1000983406 ns, Reaching safepoint: 110480 ns, At safepoint: 3417 ns, Total: 113897 ns
[2025-03-20T16:20:34.157+0000][6][safepoint   ] Safepoint "Cleanup", Time since last: 1000195302 ns, Reaching safepoint: 109949 ns, At safepoint: 3467 ns, Total: 113416 ns
[2025-03-20T16:20:35.159+0000][6][safepoint   ] Safepoint "Cleanup", Time since last: 1000877704 ns, Reaching safepoint: 246118 ns, At safepoint: 7204 ns, Total: 253322 ns
[2025-03-20T16:20:36.159+0000][6][safepoint   ] Safepoint "Cleanup", Time since last: 1000487467 ns, Reaching safepoint: 73200 ns, At safepoint: 3085 ns, Total: 76285 ns
[2025-03-20T16:20:37.160+0000][6][safepoint   ] Safepoint "Cleanup", Time since last: 1000579528 ns, Reaching safepoint: 184532 ns, At safepoint: 7223 ns, Total: 191755 ns
[2025-03-20T16:20:38.161+0000][6][safepoint   ] Safepoint "Cleanup", Time since last: 1000787763 ns, Reaching safepoint: 143854 ns, At safepoint: 5430 ns, Total: 149284 ns
[2025-03-20T16:20:39.162+0000][6][safepoint   ] Safepoint "Cleanup", Time since last: 1000489228 ns, Reaching safepoint: 207265 ns, At safepoint: 7424 ns, Total: 214689 ns
[2025-03-20T16:20:40.162+0000][6][safepoint   ] Safepoint "Cleanup", Time since last: 1000303719 ns, Reaching safepoint: 271927 ns, At safepoint: 6062 ns, Total: 277989 ns
[2025-03-20T16:20:41.163+0000][6][safepoint   ] Safepoint "Cleanup", Time since last: 1001015784 ns, Reaching safepoint: 229096 ns, At safepoint: 5631 ns, Total: 234727 ns
[2025-03-20T16:20:42.164+0000][6][safepoint   ] Safepoint "Cleanup", Time since last: 1000297237 ns, Reaching safepoint: 118366 ns, At safepoint: 4398 ns, Total: 122764 ns
[2025-03-20T16:20:45.165+0000][6][safepoint   ] Safepoint "Cleanup", Time since last: 3001230856 ns, Reaching safepoint: 136941 ns, At safepoint: 4769 ns, Total: 141710 ns
[2025-03-20T16:20:46.166+0000][6][safepoint   ] Safepoint "Cleanup", Time since last: 1000731136 ns, Reaching safepoint: 174672 ns, At safepoint: 6262 ns, Total: 180934 ns
[2025-03-20T16:20:47.167+0000][6][safepoint   ] Safepoint "Cleanup", Time since last: 1000639575 ns, Reaching safepoint: 135238 ns, At safepoint: 4889 ns, Total: 140127 ns
[2025-03-20T16:20:48.168+0000][6][safepoint   ] Safepoint "Cleanup", Time since last: 1000849822 ns, Reaching safepoint: 149875 ns, At safepoint: 11392 ns, Total: 161267 ns
[2025-03-20T16:20:49.168+0000][6][safepoint   ] Safepoint "Cleanup", Time since last: 1000355749 ns, Reaching safepoint: 206653 ns, At safepoint: 6272 ns, Total: 212925 ns
[2025-03-20T16:20:50.169+0000][6][safepoint   ] Safepoint "Cleanup", Time since last: 1000328560 ns, Reaching safepoint: 112284 ns, At safepoint: 9158 ns, Total: 121442 ns
[2025-03-20T16:20:51.865+0000][6][safepoint   ] Safepoint "Cleanup", Time since last: 1696151116 ns, Reaching safepoint: 219778 ns, At safepoint: 18335 ns, Total: 238113 ns
[2025-03-20T16:20:53.370+0000][6][safepoint   ] Safepoint "Cleanup", Time since last: 1504617680 ns, Reaching safepoint: 186234 ns, At safepoint: 3547 ns, Total: 189781 ns
[2025-03-20T16:20:54.371+0000][6][safepoint   ] Safepoint "Cleanup", Time since last: 1000770726 ns, Reaching safepoint: 105781 ns, At safepoint: 3557 ns, Total: 109338 ns
[2025-03-20T16:20:57.373+0000][6][safepoint   ] Safepoint "Cleanup", Time since last: 3000918365 ns, Reaching safepoint: 1097805 ns, At safepoint: 7565 ns, Total: 1105370 ns
[2025-03-20T16:20:59.374+0000][6][safepoint   ] Safepoint "Cleanup", Time since last: 2001285733 ns, Reaching safepoint: 120921 ns, At safepoint: 4689 ns, Total: 125610 ns
[2025-03-20T16:21:00.375+0000][6][safepoint   ] Safepoint "Cleanup", Time since last: 1000182666 ns, Reaching safepoint: 164323 ns, At safepoint: 5501 ns, Total: 169824 ns
[2025-03-20T16:21:01.375+0000][6][safepoint   ] Safepoint "Cleanup", Time since last: 1000555008 ns, Reaching safepoint: 179562 ns, At safepoint: 5671 ns, Total: 185233 ns
[2025-03-20T16:21:02.376+0000][6][gc,start    ] GC(22) Pause Young (Normal) (G1 Evacuation Pause)
[2025-03-20T16:21:02.376+0000][6][gc,task     ] GC(22) Using 8 workers of 8 for evacuation
[2025-03-20T16:21:02.376+0000][6][gc,age      ] GC(22) Desired survivor size 18874368 bytes, new threshold 3 (max threshold 15)
[2025-03-20T16:21:02.383+0000][6][gc,age      ] GC(22) Age table with threshold 3 (max threshold 15)
[2025-03-20T16:21:02.383+0000][6][gc,age      ] GC(22) - age   1:    8380688 bytes,    8380688 total
[2025-03-20T16:21:02.383+0000][6][gc,age      ] GC(22) - age   2:    8884736 bytes,   17265424 total
[2025-03-20T16:21:02.383+0000][6][gc,age      ] GC(22) - age   3:    5983176 bytes,   23248600 total
[2025-03-20T16:21:02.383+0000][6][gc,phases   ] GC(22)   Pre Evacuate Collection Set: 0.1ms
[2025-03-20T16:21:02.383+0000][6][gc,phases   ] GC(22)   Merge Heap Roots: 0.1ms
[2025-03-20T16:21:02.383+0000][6][gc,phases   ] GC(22)   Evacuate Collection Set: 5.6ms
[2025-03-20T16:21:02.383+0000][6][gc,phases   ] GC(22)   Post Evacuate Collection Set: 1.3ms
[2025-03-20T16:21:02.383+0000][6][gc,phases   ] GC(22)   Other: 0.2ms
[2025-03-20T16:21:02.383+0000][6][gc,heap     ] GC(22) Eden regions: 65->0(64)
[2025-03-20T16:21:02.383+0000][6][gc,heap     ] GC(22) Survivor regions: 7->7(9)
[2025-03-20T16:21:02.383+0000][6][gc,heap     ] GC(22) Old regions: 19->21
[2025-03-20T16:21:02.383+0000][6][gc,heap     ] GC(22) Archive regions: 2->2
[2025-03-20T16:21:02.383+0000][6][gc,heap     ] GC(22) Humongous regions: 5->5
[2025-03-20T16:21:02.383+0000][6][gc,metaspace] GC(22) Metaspace: 108945K(110400K)->108945K(110400K) NonClass: 94366K(95232K)->94366K(95232K) Class: 14579K(15168K)->14579K(15168K)
[2025-03-20T16:21:02.383+0000][6][gc          ] GC(22) Pause Young (Normal) (G1 Evacuation Pause) 387M->132M(512M) 7.333ms
[2025-03-20T16:21:02.383+0000][6][gc,cpu      ] GC(22) User=0.03s Sys=0.00s Real=0.01s
[2025-03-20T16:21:02.383+0000][6][safepoint   ] Safepoint "G1CollectForAllocation", Time since last: 1000350503 ns, Reaching safepoint: 95421 ns, At safepoint: 7409726 ns, Total: 7505147 ns
[2025-03-20T16:21:03.384+0000][6][safepoint   ] Safepoint "Cleanup", Time since last: 1000807051 ns, Reaching safepoint: 126841 ns, At safepoint: 6563 ns, Total: 133404 ns
[2025-03-20T16:21:04.924+0000][6][safepoint   ] Safepoint "Cleanup", Time since last: 1539773677 ns, Reaching safepoint: 87196 ns, At safepoint: 17453 ns, Total: 104649 ns
[2025-03-20T16:21:05.925+0000][6][safepoint   ] Safepoint "Cleanup", Time since last: 1000816358 ns, Reaching safepoint: 114007 ns, At safepoint: 6382 ns, Total: 120389 ns
[2025-03-20T16:21:06.925+0000][6][safepoint   ] Safepoint "Cleanup", Time since last: 1000150512 ns, Reaching safepoint: 85272 ns, At safepoint: 3527 ns, Total: 88799 ns
[2025-03-20T16:21:08.927+0000][6][safepoint   ] Safepoint "Cleanup", Time since last: 2001376073 ns, Reaching safepoint: 92456 ns, At safepoint: 5841 ns, Total: 98297 ns
[2025-03-20T16:21:09.927+0000][6][safepoint   ] Safepoint "Cleanup", Time since last: 1000411930 ns, Reaching safepoint: 93147 ns, At safepoint: 5691 ns, Total: 98838 ns
[2025-03-20T16:21:11.929+0000][6][safepoint   ] Safepoint "Cleanup", Time since last: 2001224814 ns, Reaching safepoint: 133110 ns, At safepoint: 5922 ns, Total: 139032 ns
[2025-03-20T16:21:13.930+0000][6][safepoint   ] Safepoint "Cleanup", Time since last: 2001514491 ns, Reaching safepoint: 159514 ns, At safepoint: 4939 ns, Total: 164453 ns
[2025-03-20T16:21:14.931+0000][6][safepoint   ] Safepoint "Cleanup", Time since last: 1000785944 ns, Reaching safepoint: 88539 ns, At safepoint: 3717 ns, Total: 92256 ns
[2025-03-20T16:21:15.932+0000][6][safepoint   ] Safepoint "Cleanup", Time since last: 1000586638 ns, Reaching safepoint: 147340 ns, At safepoint: 5000 ns, Total: 152340 ns
[2025-03-20T16:21:17.933+0000][6][safepoint   ] Safepoint "Cleanup", Time since last: 2000756376 ns, Reaching safepoint: 194070 ns, At safepoint: 16341 ns, Total: 210411 ns
[2025-03-20T16:21:22.935+0000][6][safepoint   ] Safepoint "Cleanup", Time since last: 5001832951 ns, Reaching safepoint: 189703 ns, At safepoint: 4519 ns, Total: 194222 ns
[2025-03-20T16:21:23.105+0000][6][safepoint   ] Safepoint "ICBufferFull", Time since last: 169941206 ns, Reaching safepoint: 247862 ns, At safepoint: 5871 ns, Total: 253733 ns
[2025-03-20T16:21:24.186+0000][6][safepoint   ] Safepoint "Cleanup", Time since last: 1080265622 ns, Reaching safepoint: 145116 ns, At safepoint: 3597 ns, Total: 148713 ns
[2025-03-20T16:21:25.053+0000][6][safepoint   ] Safepoint "ICBufferFull", Time since last: 866835736 ns, Reaching safepoint: 185725 ns, At safepoint: 17413 ns, Total: 203138 ns
[2025-03-20T16:21:25.262+0000][6][gc,start    ] GC(23) Pause Young (Normal) (G1 Evacuation Pause)
[2025-03-20T16:21:25.262+0000][6][gc,task     ] GC(23) Using 8 workers of 8 for evacuation
[2025-03-20T16:21:25.263+0000][6][gc,age      ] GC(23) Desired survivor size 18874368 bytes, new threshold 3 (max threshold 15)
[2025-03-20T16:21:25.274+0000][6][gc,age      ] GC(23) Age table with threshold 3 (max threshold 15)
[2025-03-20T16:21:25.274+0000][6][gc,age      ] GC(23) - age   1:   18100024 bytes,   18100024 total
[2025-03-20T16:21:25.274+0000][6][gc,age      ] GC(23) - age   2:    5028496 bytes,   23128520 total
[2025-03-20T16:21:25.274+0000][6][gc,age      ] GC(23) - age   3:    8855096 bytes,   31983616 total
[2025-03-20T16:21:25.274+0000][6][gc,phases   ] GC(23)   Pre Evacuate Collection Set: 0.1ms
[2025-03-20T16:21:25.274+0000][6][gc,phases   ] GC(23)   Merge Heap Roots: 0.1ms
[2025-03-20T16:21:25.274+0000][6][gc,phases   ] GC(23)   Evacuate Collection Set: 9.1ms
[2025-03-20T16:21:25.274+0000][6][gc,phases   ] GC(23)   Post Evacuate Collection Set: 1.9ms
[2025-03-20T16:21:25.274+0000][6][gc,phases   ] GC(23)   Other: 0.3ms
[2025-03-20T16:21:25.274+0000][6][gc,heap     ] GC(23) Eden regions: 64->0(57)
[2025-03-20T16:21:25.274+0000][6][gc,heap     ] GC(23) Survivor regions: 7->9(9)
[2025-03-20T16:21:25.274+0000][6][gc,heap     ] GC(23) Old regions: 21->23
[2025-03-20T16:21:25.274+0000][6][gc,heap     ] GC(23) Archive regions: 2->2
[2025-03-20T16:21:25.274+0000][6][gc,heap     ] GC(23) Humongous regions: 6->6
[2025-03-20T16:21:25.274+0000][6][gc,metaspace] GC(23) Metaspace: 110678K(112192K)->110678K(112192K) NonClass: 95858K(96768K)->95858K(96768K) Class: 14819K(15424K)->14819K(15424K)
[2025-03-20T16:21:25.274+0000][6][gc          ] GC(23) Pause Young (Normal) (G1 Evacuation Pause) 392M->149M(512M) 11.504ms
[2025-03-20T16:21:25.274+0000][6][gc,cpu      ] GC(23) User=0.03s Sys=0.00s Real=0.01s
[2025-03-20T16:21:25.274+0000][6][safepoint   ] Safepoint "G1CollectForAllocation", Time since last: 208912685 ns, Reaching safepoint: 857851 ns, At safepoint: 11652405 ns, Total: 12510256 ns
[2025-03-20T16:21:26.275+0000][6][safepoint   ] Safepoint "Cleanup", Time since last: 1000592118 ns, Reaching safepoint: 259763 ns, At safepoint: 8496 ns, Total: 268259 ns
[2025-03-20T16:21:27.275+0000][6][safepoint   ] Safepoint "Cleanup", Time since last: 1000166976 ns, Reaching safepoint: 222283 ns, At safepoint: 6172 ns, Total: 228455 ns
[2025-03-20T16:21:27.955+0000][6][safepoint   ] Safepoint "ICBufferFull", Time since last: 678404812 ns, Reaching safepoint: 1380891 ns, At safepoint: 35778 ns, Total: 1416669 ns
[2025-03-20T16:21:28.254+0000][6][safepoint   ] Safepoint "ICBufferFull", Time since last: 298391290 ns, Reaching safepoint: 747864 ns, At safepoint: 54544 ns, Total: 802408 ns
[2025-03-20T16:21:28.268+0000][6][gc,start    ] GC(24) Pause Young (Normal) (G1 Evacuation Pause)
[2025-03-20T16:21:28.268+0000][6][gc,task     ] GC(24) Using 8 workers of 8 for evacuation
[2025-03-20T16:21:28.268+0000][6][gc,age      ] GC(24) Desired survivor size 18874368 bytes, new threshold 2 (max threshold 15)
[2025-03-20T16:21:28.274+0000][6][gc,age      ] GC(24) Age table with threshold 2 (max threshold 15)
[2025-03-20T16:21:28.274+0000][6][gc,age      ] GC(24) - age   1:    8714384 bytes,    8714384 total
[2025-03-20T16:21:28.274+0000][6][gc,age      ] GC(24) - age   2:    3429624 bytes,   12144008 total
[2025-03-20T16:21:28.275+0000][6][gc,phases   ] GC(24)   Pre Evacuate Collection Set: 0.4ms
[2025-03-20T16:21:28.275+0000][6][gc,phases   ] GC(24)   Merge Heap Roots: 0.2ms
[2025-03-20T16:21:28.275+0000][6][gc,phases   ] GC(24)   Evacuate Collection Set: 4.8ms
[2025-03-20T16:21:28.275+0000][6][gc,phases   ] GC(24)   Post Evacuate Collection Set: 0.9ms
[2025-03-20T16:21:28.275+0000][6][gc,phases   ] GC(24)   Other: 0.2ms
[2025-03-20T16:21:28.275+0000][6][gc,heap     ] GC(24) Eden regions: 57->0(61)
[2025-03-20T16:21:28.275+0000][6][gc,heap     ] GC(24) Survivor regions: 9->4(9)
[2025-03-20T16:21:28.275+0000][6][gc,heap     ] GC(24) Old regions: 23->26
[2025-03-20T16:21:28.275+0000][6][gc,heap     ] GC(24) Archive regions: 2->2
[2025-03-20T16:21:28.275+0000][6][gc,heap     ] GC(24) Humongous regions: 6->5
[2025-03-20T16:21:28.275+0000][6][gc,metaspace] GC(24) Metaspace: 112719K(114368K)->112719K(114368K) NonClass: 97628K(98560K)->97628K(98560K) Class: 15091K(15808K)->15091K(15808K)
[2025-03-20T16:21:28.275+0000][6][gc          ] GC(24) Pause Young (Normal) (G1 Evacuation Pause) 377M->140M(512M) 6.550ms
[2025-03-20T16:21:28.275+0000][6][gc,cpu      ] GC(24) User=0.03s Sys=0.00s Real=0.00s
[2025-03-20T16:21:28.275+0000][6][safepoint   ] Safepoint "G1CollectForAllocation", Time since last: 10945007 ns, Reaching safepoint: 2713147 ns, At safepoint: 6694783 ns, Total: 9407930 ns
[2025-03-20T16:21:29.275+0000][6][safepoint   ] Safepoint "Cleanup", Time since last: 1000376565 ns, Reaching safepoint: 190332 ns, At safepoint: 24818 ns, Total: 215150 ns
[2025-03-20T16:21:30.277+0000][6][safepoint   ] Safepoint "Cleanup", Time since last: 1001367933 ns, Reaching safepoint: 733187 ns, At safepoint: 19888 ns, Total: 753075 ns
[2025-03-20T16:21:30.912+0000][6][safepoint   ] Safepoint "ICBufferFull", Time since last: 634822285 ns, Reaching safepoint: 212084 ns, At safepoint: 5170 ns, Total: 217254 ns
[2025-03-20T16:21:32.147+0000][6][safepoint   ] Safepoint "Cleanup", Time since last: 1234452234 ns, Reaching safepoint: 241353 ns, At safepoint: 8476 ns, Total: 249829 ns
[2025-03-20T16:21:33.148+0000][6][safepoint   ] Safepoint "Cleanup", Time since last: 1000488413 ns, Reaching safepoint: 271568 ns, At safepoint: 6332 ns, Total: 277900 ns
[2025-03-20T16:21:33.183+0000][6][gc,start    ] GC(25) Pause Young (Normal) (G1 Evacuation Pause)
[2025-03-20T16:21:33.183+0000][6][gc,task     ] GC(25) Using 8 workers of 8 for evacuation
[2025-03-20T16:21:33.183+0000][6][gc,age      ] GC(25) Desired survivor size 18874368 bytes, new threshold 15 (max threshold 15)
[2025-03-20T16:21:33.191+0000][6][gc,age      ] GC(25) Age table with threshold 15 (max threshold 15)
[2025-03-20T16:21:33.191+0000][6][gc,age      ] GC(25) - age   1:    5962808 bytes,    5962808 total
[2025-03-20T16:21:33.191+0000][6][gc,age      ] GC(25) - age   2:    4076040 bytes,   10038848 total
[2025-03-20T16:21:33.191+0000][6][gc,age      ] GC(25) - age   3:    2377456 bytes,   12416304 total
[2025-03-20T16:21:33.191+0000][6][gc,phases   ] GC(25)   Pre Evacuate Collection Set: 0.1ms
[2025-03-20T16:21:33.191+0000][6][gc,phases   ] GC(25)   Merge Heap Roots: 0.1ms
[2025-03-20T16:21:33.191+0000][6][gc,phases   ] GC(25)   Evacuate Collection Set: 5.7ms
[2025-03-20T16:21:33.191+0000][6][gc,phases   ] GC(25)   Post Evacuate Collection Set: 1.5ms
[2025-03-20T16:21:33.191+0000][6][gc,phases   ] GC(25)   Other: 0.3ms
[2025-03-20T16:21:33.191+0000][6][gc,heap     ] GC(25) Eden regions: 61->0(62)
[2025-03-20T16:21:33.191+0000][6][gc,heap     ] GC(25) Survivor regions: 4->4(9)
[2025-03-20T16:21:33.191+0000][6][gc,heap     ] GC(25) Old regions: 26->26
[2025-03-20T16:21:33.191+0000][6][gc,heap     ] GC(25) Archive regions: 2->2
[2025-03-20T16:21:33.191+0000][6][gc,heap     ] GC(25) Humongous regions: 5->5
[2025-03-20T16:21:33.191+0000][6][gc,metaspace] GC(25) Metaspace: 113784K(115520K)->113784K(115520K) NonClass: 98598K(99584K)->98598K(99584K) Class: 15186K(15936K)->15186K(15936K)
[2025-03-20T16:21:33.191+0000][6][gc          ] GC(25) Pause Young (Normal) (G1 Evacuation Pause) 384M->139M(512M) 7.633ms
[2025-03-20T16:21:33.191+0000][6][gc,cpu      ] GC(25) User=0.02s Sys=0.00s Real=0.01s
[2025-03-20T16:21:33.191+0000][6][safepoint   ] Safepoint "G1CollectForAllocation", Time since last: 35234810 ns, Reaching safepoint: 96253 ns, At safepoint: 7789677 ns, Total: 7885930 ns
[2025-03-20T16:21:34.192+0000][6][safepoint   ] Safepoint "Cleanup", Time since last: 1000411201 ns, Reaching safepoint: 414353 ns, At safepoint: 14087 ns, Total: 428440 ns
[2025-03-20T16:21:35.192+0000][6][safepoint   ] Safepoint "Cleanup", Time since last: 1000225842 ns, Reaching safepoint: 102205 ns, At safepoint: 4548 ns, Total: 106753 ns
[2025-03-20T16:21:36.193+0000][6][safepoint   ] Safepoint "Cleanup", Time since last: 1000860860 ns, Reaching safepoint: 124918 ns, At safepoint: 4368 ns, Total: 129286 ns
[2025-03-20T16:21:37.194+0000][6][safepoint   ] Safepoint "Cleanup", Time since last: 1000259645 ns, Reaching safepoint: 512983 ns, At safepoint: 26805 ns, Total: 539788 ns
[2025-03-20T16:21:38.195+0000][6][safepoint   ] Safepoint "Cleanup", Time since last: 1000776244 ns, Reaching safepoint: 247193 ns, At safepoint: 6442 ns, Total: 253635 ns
[2025-03-20T16:21:39.196+0000][6][safepoint   ] Safepoint "Cleanup", Time since last: 1000814827 ns, Reaching safepoint: 162820 ns, At safepoint: 3737 ns, Total: 166557 ns
[2025-03-20T16:21:40.197+0000][6][safepoint   ] Safepoint "Cleanup", Time since last: 1000790247 ns, Reaching safepoint: 140227 ns, At safepoint: 5971 ns, Total: 146198 ns
[2025-03-20T16:21:41.198+0000][6][safepoint   ] Safepoint "Cleanup", Time since last: 1000713628 ns, Reaching safepoint: 139515 ns, At safepoint: 3878 ns, Total: 143393 ns
[2025-03-20T16:21:42.198+0000][6][safepoint   ] Safepoint "Cleanup", Time since last: 1000246447 ns, Reaching safepoint: 141680 ns, At safepoint: 4338 ns, Total: 146018 ns
[2025-03-20T16:21:42.970+0000][6][safepoint   ] Safepoint "ICBufferFull", Time since last: 771569916 ns, Reaching safepoint: 215250 ns, At safepoint: 17724 ns, Total: 232974 ns
[2025-03-20T16:21:44.538+0000][6][safepoint   ] Safepoint "Cleanup", Time since last: 1567757309 ns, Reaching safepoint: 191514 ns, At safepoint: 5110 ns, Total: 196624 ns
[2025-03-20T16:21:45.538+0000][6][safepoint   ] Safepoint "Cleanup", Time since last: 1000308666 ns, Reaching safepoint: 104870 ns, At safepoint: 3897 ns, Total: 108767 ns
[2025-03-20T16:21:46.539+0000][6][safepoint   ] Safepoint "Cleanup", Time since last: 1000911588 ns, Reaching safepoint: 165363 ns, At safepoint: 6993 ns, Total: 172356 ns
[2025-03-20T16:21:47.540+0000][6][safepoint   ] Safepoint "Cleanup", Time since last: 1000891165 ns, Reaching safepoint: 148172 ns, At safepoint: 6332 ns, Total: 154504 ns
[2025-03-20T16:21:48.541+0000][6][safepoint   ] Safepoint "Cleanup", Time since last: 1000290426 ns, Reaching safepoint: 98207 ns, At safepoint: 6362 ns, Total: 104569 ns
[2025-03-20T16:21:49.542+0000][6][safepoint   ] Safepoint "Cleanup", Time since last: 1000473911 ns, Reaching safepoint: 158402 ns, At safepoint: 4238 ns, Total: 162640 ns
[2025-03-20T16:21:50.542+0000][6][safepoint   ] Safepoint "Cleanup", Time since last: 1000132661 ns, Reaching safepoint: 183199 ns, At safepoint: 6552 ns, Total: 189751 ns
[2025-03-20T16:21:51.543+0000][6][safepoint   ] Safepoint "Cleanup", Time since last: 1000613594 ns, Reaching safepoint: 103387 ns, At safepoint: 4148 ns, Total: 107535 ns
[2025-03-20T16:21:52.543+0000][6][safepoint   ] Safepoint "Cleanup", Time since last: 1000647354 ns, Reaching safepoint: 223105 ns, At safepoint: 6743 ns, Total: 229848 ns
[2025-03-20T16:21:53.544+0000][6][safepoint   ] Safepoint "Cleanup", Time since last: 1000357990 ns, Reaching safepoint: 133675 ns, At safepoint: 4148 ns, Total: 137823 ns
[2025-03-20T16:21:54.544+0000][6][safepoint   ] Safepoint "Cleanup", Time since last: 1000235578 ns, Reaching safepoint: 149405 ns, At safepoint: 4599 ns, Total: 154004 ns
[2025-03-20T16:21:55.545+0000][6][safepoint   ] Safepoint "Cleanup", Time since last: 1000727772 ns, Reaching safepoint: 172709 ns, At safepoint: 4178 ns, Total: 176887 ns
[2025-03-20T16:21:58.548+0000][6][safepoint   ] Safepoint "Cleanup", Time since last: 3001586670 ns, Reaching safepoint: 1402257 ns, At safepoint: 20870 ns, Total: 1423127 ns
